Analysis & Synthesis report for MyReactionTimer
Fri Nov 18 21:06:54 2022
Quartus Prime Version 20.1.1 Build 720 11/11/2020 SJ Lite Edition


---------------------
; Table of Contents ;
---------------------
  1. Legal Notice
  2. Analysis & Synthesis Summary
  3. Analysis & Synthesis Settings
  4. Parallel Compilation
  5. Analysis & Synthesis Source Files Read
  6. Analysis & Synthesis Resource Usage Summary
  7. Analysis & Synthesis Resource Utilization by Entity
  8. General Register Statistics
  9. Multiplexer Restructuring Statistics (Restructuring Performed)
 10. Parameter Settings for User Entity Instance: Top-level Entity: |MyReactionTimer
 11. Parameter Settings for User Entity Instance: ClockDivider100:CLK_MUT
 12. Parameter Settings for Inferred Entity Instance: reaction2:React_MUT|lpm_divide:Mod0
 13. Post-Synthesis Netlist Statistics for Top Partition
 14. Elapsed Time Per Partition
 15. Analysis & Synthesis Messages
 16. Analysis & Synthesis Suppressed Messages



----------------
; Legal Notice ;
----------------
Copyright (C) 2020  Intel Corporation. All rights reserved.
Your use of Intel Corporation's design tools, logic functions 
and other software and tools, and any partner logic 
functions, and any output files from any of the foregoing 
(including device programming or simulation files), and any 
associated documentation or information are expressly subject 
to the terms and conditions of the Intel Program License 
Subscription Agreement, the Intel Quartus Prime License Agreement,
the Intel FPGA IP License Agreement, or other applicable license
agreement, including, without limitation, that your use is for
the sole purpose of programming logic devices manufactured by
Intel and sold by Intel or its authorized distributors.  Please
refer to the applicable agreement for further details, at
https://fpgasoftware.intel.com/eula.



+----------------------------------------------------------------------------------+
; Analysis & Synthesis Summary                                                     ;
+------------------------------------+---------------------------------------------+
; Analysis & Synthesis Status        ; Successful - Fri Nov 18 21:06:54 2022       ;
; Quartus Prime Version              ; 20.1.1 Build 720 11/11/2020 SJ Lite Edition ;
; Revision Name                      ; MyReactionTimer                             ;
; Top-level Entity Name              ; MyReactionTimer                             ;
; Family                             ; MAX 10                                      ;
; Total logic elements               ; 160                                         ;
;     Total combinational functions  ; 152                                         ;
;     Dedicated logic registers      ; 70                                          ;
; Total registers                    ; 70                                          ;
; Total pins                         ; 118                                         ;
; Total virtual pins                 ; 0                                           ;
; Total memory bits                  ; 0                                           ;
; Embedded Multiplier 9-bit elements ; 0                                           ;
; Total PLLs                         ; 0                                           ;
; UFM blocks                         ; 0                                           ;
; ADC blocks                         ; 0                                           ;
+------------------------------------+---------------------------------------------+


+------------------------------------------------------------------------------------------------------------+
; Analysis & Synthesis Settings                                                                              ;
+------------------------------------------------------------------+--------------------+--------------------+
; Option                                                           ; Setting            ; Default Value      ;
+------------------------------------------------------------------+--------------------+--------------------+
; Device                                                           ; 10M50DAF484C7G     ;                    ;
; Top-level entity name                                            ; MyReactionTimer    ; MyReactionTimer    ;
; Family name                                                      ; MAX 10 FPGA        ; Cyclone V          ;
; Use smart compilation                                            ; Off                ; Off                ;
; Enable parallel Assembler and Timing Analyzer during compilation ; On                 ; On                 ;
; Enable compact report table                                      ; Off                ; Off                ;
; Restructure Multiplexers                                         ; Auto               ; Auto               ;
; Create Debugging Nodes for IP Cores                              ; Off                ; Off                ;
; Preserve fewer node names                                        ; On                 ; On                 ;
; Intel FPGA IP Evaluation Mode                                    ; Enable             ; Enable             ;
; Verilog Version                                                  ; Verilog_2001       ; Verilog_2001       ;
; VHDL Version                                                     ; VHDL_1993          ; VHDL_1993          ;
; State Machine Processing                                         ; Auto               ; Auto               ;
; Safe State Machine                                               ; Off                ; Off                ;
; Extract Verilog State Machines                                   ; On                 ; On                 ;
; Extract VHDL State Machines                                      ; On                 ; On                 ;
; Ignore Verilog initial constructs                                ; Off                ; Off                ;
; Iteration limit for constant Verilog loops                       ; 5000               ; 5000               ;
; Iteration limit for non-constant Verilog loops                   ; 250                ; 250                ;
; Add Pass-Through Logic to Inferred RAMs                          ; On                 ; On                 ;
; Infer RAMs from Raw Logic                                        ; On                 ; On                 ;
; Parallel Synthesis                                               ; On                 ; On                 ;
; DSP Block Balancing                                              ; Auto               ; Auto               ;
; NOT Gate Push-Back                                               ; On                 ; On                 ;
; Power-Up Don't Care                                              ; On                 ; On                 ;
; Remove Redundant Logic Cells                                     ; Off                ; Off                ;
; Remove Duplicate Registers                                       ; On                 ; On                 ;
; Ignore CARRY Buffers                                             ; Off                ; Off                ;
; Ignore CASCADE Buffers                                           ; Off                ; Off                ;
; Ignore GLOBAL Buffers                                            ; Off                ; Off                ;
; Ignore ROW GLOBAL Buffers                                        ; Off                ; Off                ;
; Ignore LCELL Buffers                                             ; Off                ; Off                ;
; Ignore SOFT Buffers                                              ; On                 ; On                 ;
; Limit AHDL Integers to 32 Bits                                   ; Off                ; Off                ;
; Optimization Technique                                           ; Balanced           ; Balanced           ;
; Carry Chain Length                                               ; 70                 ; 70                 ;
; Auto Carry Chains                                                ; On                 ; On                 ;
; Auto Open-Drain Pins                                             ; On                 ; On                 ;
; Perform WYSIWYG Primitive Resynthesis                            ; Off                ; Off                ;
; Auto ROM Replacement                                             ; On                 ; On                 ;
; Auto RAM Replacement                                             ; On                 ; On                 ;
; Auto DSP Block Replacement                                       ; On                 ; On                 ;
; Auto Shift Register Replacement                                  ; Auto               ; Auto               ;
; Allow Shift Register Merging across Hierarchies                  ; Auto               ; Auto               ;
; Auto Clock Enable Replacement                                    ; On                 ; On                 ;
; Strict RAM Replacement                                           ; Off                ; Off                ;
; Allow Synchronous Control Signals                                ; On                 ; On                 ;
; Force Use of Synchronous Clear Signals                           ; Off                ; Off                ;
; Auto RAM Block Balancing                                         ; On                 ; On                 ;
; Auto RAM to Logic Cell Conversion                                ; Off                ; Off                ;
; Auto Resource Sharing                                            ; Off                ; Off                ;
; Allow Any RAM Size For Recognition                               ; Off                ; Off                ;
; Allow Any ROM Size For Recognition                               ; Off                ; Off                ;
; Allow Any Shift Register Size For Recognition                    ; Off                ; Off                ;
; Use LogicLock Constraints during Resource Balancing              ; On                 ; On                 ;
; Ignore translate_off and synthesis_off directives                ; Off                ; Off                ;
; Timing-Driven Synthesis                                          ; On                 ; On                 ;
; Report Parameter Settings                                        ; On                 ; On                 ;
; Report Source Assignments                                        ; On                 ; On                 ;
; Report Connectivity Checks                                       ; On                 ; On                 ;
; Ignore Maximum Fan-Out Assignments                               ; Off                ; Off                ;
; Synchronization Register Chain Length                            ; 2                  ; 2                  ;
; Power Optimization During Synthesis                              ; Normal compilation ; Normal compilation ;
; HDL message level                                                ; Level2             ; Level2             ;
; Suppress Register Optimization Related Messages                  ; Off                ; Off                ;
; Number of Removed Registers Reported in Synthesis Report         ; 5000               ; 5000               ;
; Number of Swept Nodes Reported in Synthesis Report               ; 5000               ; 5000               ;
; Number of Inverted Registers Reported in Synthesis Report        ; 100                ; 100                ;
; Clock MUX Protection                                             ; On                 ; On                 ;
; Auto Gated Clock Conversion                                      ; Off                ; Off                ;
; Block Design Naming                                              ; Auto               ; Auto               ;
; SDC constraint protection                                        ; Off                ; Off                ;
; Synthesis Effort                                                 ; Auto               ; Auto               ;
; Shift Register Replacement - Allow Asynchronous Clear Signal     ; On                 ; On                 ;
; Pre-Mapping Resynthesis Optimization                             ; Off                ; Off                ;
; Analysis & Synthesis Message Level                               ; Medium             ; Medium             ;
; Disable Register Merging Across Hierarchies                      ; Auto               ; Auto               ;
; Resource Aware Inference For Block RAM                           ; On                 ; On                 ;
+------------------------------------------------------------------+--------------------+--------------------+


+------------------------------------------+
; Parallel Compilation                     ;
+----------------------------+-------------+
; Processors                 ; Number      ;
+----------------------------+-------------+
; Number detected on machine ; 8           ;
; Maximum allowed            ; 8           ;
;                            ;             ;
; Average used               ; 1.00        ;
; Maximum used               ; 8           ;
;                            ;             ;
; Usage by Processor         ; % Time Used ;
;     Processor 1            ; 100.0%      ;
;     Processors 2-8         ;   0.0%      ;
+----------------------------+-------------+


+---------------------------------------------------------------------------------------------------------------------------------------------------------------------------------------------------+
; Analysis & Synthesis Source Files Read                                                                                                                                                            ;
+----------------------------------+-----------------+------------------------------+-----------------------------------------------------------------------------------------------------+---------+
; File Name with User-Entered Path ; Used in Netlist ; File Type                    ; File Name with Absolute Path                                                                        ; Library ;
+----------------------------------+-----------------+------------------------------+-----------------------------------------------------------------------------------------------------+---------+
; ClockDivider100.v                ; yes             ; User Verilog HDL File        ; C:/Users/dsica/OneDrive/Escritorio/Embedded/fpgaProjects/MyReactionTimer/ClockDivider100.v          ;         ;
; seg7.v                           ; yes             ; User Verilog HDL File        ; C:/Users/dsica/OneDrive/Escritorio/Embedded/fpgaProjects/MyReactionTimer/seg7.v                     ;         ;
; reaction2.v                      ; yes             ; User Verilog HDL File        ; C:/Users/dsica/OneDrive/Escritorio/Embedded/fpgaProjects/MyReactionTimer/reaction2.v                ;         ;
; myreactiontimer.v                ; yes             ; Auto-Found Verilog HDL File  ; C:/Users/dsica/OneDrive/Escritorio/Embedded/fpgaProjects/MyReactionTimer/myreactiontimer.v          ;         ;
; lpm_divide.tdf                   ; yes             ; Megafunction                 ; c:/intelfpga_lite/20.1/quartus/libraries/megafunctions/lpm_divide.tdf                               ;         ;
; abs_divider.inc                  ; yes             ; Megafunction                 ; c:/intelfpga_lite/20.1/quartus/libraries/megafunctions/abs_divider.inc                              ;         ;
; sign_div_unsign.inc              ; yes             ; Megafunction                 ; c:/intelfpga_lite/20.1/quartus/libraries/megafunctions/sign_div_unsign.inc                          ;         ;
; aglobal201.inc                   ; yes             ; Megafunction                 ; c:/intelfpga_lite/20.1/quartus/libraries/megafunctions/aglobal201.inc                               ;         ;
; db/lpm_divide_qll.tdf            ; yes             ; Auto-Generated Megafunction  ; C:/Users/dsica/OneDrive/Escritorio/Embedded/fpgaProjects/MyReactionTimer/db/lpm_divide_qll.tdf      ;         ;
; db/sign_div_unsign_plh.tdf       ; yes             ; Auto-Generated Megafunction  ; C:/Users/dsica/OneDrive/Escritorio/Embedded/fpgaProjects/MyReactionTimer/db/sign_div_unsign_plh.tdf ;         ;
; db/alt_u_div_she.tdf             ; yes             ; Auto-Generated Megafunction  ; C:/Users/dsica/OneDrive/Escritorio/Embedded/fpgaProjects/MyReactionTimer/db/alt_u_div_she.tdf       ;         ;
; db/add_sub_t3c.tdf               ; yes             ; Auto-Generated Megafunction  ; C:/Users/dsica/OneDrive/Escritorio/Embedded/fpgaProjects/MyReactionTimer/db/add_sub_t3c.tdf         ;         ;
; db/add_sub_u3c.tdf               ; yes             ; Auto-Generated Megafunction  ; C:/Users/dsica/OneDrive/Escritorio/Embedded/fpgaProjects/MyReactionTimer/db/add_sub_u3c.tdf         ;         ;
+----------------------------------+-----------------+------------------------------+-----------------------------------------------------------------------------------------------------+---------+


+------------------------------------------------------------------------------+
; Analysis & Synthesis Resource Usage Summary                                  ;
+---------------------------------------------+--------------------------------+
; Resource                                    ; Usage                          ;
+---------------------------------------------+--------------------------------+
; Estimated Total logic elements              ; 160                            ;
;                                             ;                                ;
; Total combinational functions               ; 152                            ;
; Logic element usage by number of LUT inputs ;                                ;
;     -- 4 input functions                    ; 40                             ;
;     -- 3 input functions                    ; 31                             ;
;     -- <=2 input functions                  ; 81                             ;
;                                             ;                                ;
; Logic elements by mode                      ;                                ;
;     -- normal mode                          ; 88                             ;
;     -- arithmetic mode                      ; 64                             ;
;                                             ;                                ;
; Total registers                             ; 70                             ;
;     -- Dedicated logic registers            ; 70                             ;
;     -- I/O registers                        ; 0                              ;
;                                             ;                                ;
; I/O pins                                    ; 118                            ;
;                                             ;                                ;
; Embedded Multiplier 9-bit elements          ; 0                              ;
;                                             ;                                ;
; Maximum fan-out node                        ; ClockDivider100:CLK_MUT|clk100 ;
; Maximum fan-out                             ; 41                             ;
; Total fan-out                               ; 763                            ;
; Average fan-out                             ; 1.60                           ;
+---------------------------------------------+--------------------------------+


+----------------------------------------------------------------------------------------------------------------------------------------------------------------------------------------------------------------------------------------------------------------------------------------------------------------------------------------------------------------------------+
; Analysis & Synthesis Resource Utilization by Entity                                                                                                                                                                                                                                                                                                                        ;
+-------------------------------------------+---------------------+---------------------------+-------------+------------+--------------+---------+-----------+------+--------------+------------+--------------------------------------------------------------------------------------------------------------------------------------+---------------------+--------------+
; Compilation Hierarchy Node                ; Combinational ALUTs ; Dedicated Logic Registers ; Memory Bits ; UFM Blocks ; DSP Elements ; DSP 9x9 ; DSP 18x18 ; Pins ; Virtual Pins ; ADC blocks ; Full Hierarchy Name                                                                                                                  ; Entity Name         ; Library Name ;
+-------------------------------------------+---------------------+---------------------------+-------------+------------+--------------+---------+-----------+------+--------------+------------+--------------------------------------------------------------------------------------------------------------------------------------+---------------------+--------------+
; |MyReactionTimer                          ; 152 (3)             ; 70 (2)                    ; 0           ; 0          ; 0            ; 0       ; 0         ; 118  ; 0            ; 0          ; |MyReactionTimer                                                                                                                     ; MyReactionTimer     ; work         ;
;    |ClockDivider100:CLK_MUT|              ; 43 (43)             ; 29 (29)                   ; 0           ; 0          ; 0            ; 0       ; 0         ; 0    ; 0            ; 0          ; |MyReactionTimer|ClockDivider100:CLK_MUT                                                                                             ; ClockDivider100     ; work         ;
;    |reaction2:React_MUT|                  ; 106 (50)            ; 39 (39)                   ; 0           ; 0          ; 0            ; 0       ; 0         ; 0    ; 0            ; 0          ; |MyReactionTimer|reaction2:React_MUT                                                                                                 ; reaction2           ; work         ;
;       |lpm_divide:Mod0|                   ; 42 (0)              ; 0 (0)                     ; 0           ; 0          ; 0            ; 0       ; 0         ; 0    ; 0            ; 0          ; |MyReactionTimer|reaction2:React_MUT|lpm_divide:Mod0                                                                                 ; lpm_divide          ; work         ;
;          |lpm_divide_qll:auto_generated|  ; 42 (0)              ; 0 (0)                     ; 0           ; 0          ; 0            ; 0       ; 0         ; 0    ; 0            ; 0          ; |MyReactionTimer|reaction2:React_MUT|lpm_divide:Mod0|lpm_divide_qll:auto_generated                                                   ; lpm_divide_qll      ; work         ;
;             |sign_div_unsign_plh:divider| ; 42 (0)              ; 0 (0)                     ; 0           ; 0          ; 0            ; 0       ; 0         ; 0    ; 0            ; 0          ; |MyReactionTimer|reaction2:React_MUT|lpm_divide:Mod0|lpm_divide_qll:auto_generated|sign_div_unsign_plh:divider                       ; sign_div_unsign_plh ; work         ;
;                |alt_u_div_she:divider|    ; 42 (42)             ; 0 (0)                     ; 0           ; 0          ; 0            ; 0       ; 0         ; 0    ; 0            ; 0          ; |MyReactionTimer|reaction2:React_MUT|lpm_divide:Mod0|lpm_divide_qll:auto_generated|sign_div_unsign_plh:divider|alt_u_div_she:divider ; alt_u_div_she       ; work         ;
;       |seg7:seg0|                         ; 7 (7)               ; 0 (0)                     ; 0           ; 0          ; 0            ; 0       ; 0         ; 0    ; 0            ; 0          ; |MyReactionTimer|reaction2:React_MUT|seg7:seg0                                                                                       ; seg7                ; work         ;
;       |seg7:seg1|                         ; 7 (7)               ; 0 (0)                     ; 0           ; 0          ; 0            ; 0       ; 0         ; 0    ; 0            ; 0          ; |MyReactionTimer|reaction2:React_MUT|seg7:seg1                                                                                       ; seg7                ; work         ;
+-------------------------------------------+---------------------+---------------------------+-------------+------------+--------------+---------+-----------+------+--------------+------------+--------------------------------------------------------------------------------------------------------------------------------------+---------------------+--------------+
Note: For table entries with two numbers listed, the numbers in parentheses indicate the number of resources of the given type used by the specific entity alone. The numbers listed outside of parentheses indicate the total resources of the given type used by the specific entity and all of its sub-entities in the hierarchy.


+------------------------------------------------------+
; General Register Statistics                          ;
+----------------------------------------------+-------+
; Statistic                                    ; Value ;
+----------------------------------------------+-------+
; Total registers                              ; 70    ;
; Number of registers using Synchronous Clear  ; 38    ;
; Number of registers using Synchronous Load   ; 0     ;
; Number of registers using Asynchronous Clear ; 0     ;
; Number of registers using Asynchronous Load  ; 0     ;
; Number of registers using Clock Enable       ; 17    ;
; Number of registers using Preset             ; 0     ;
+----------------------------------------------+-------+


+------------------------------------------------------------------------------------------------------------------------------------------------------------+
; Multiplexer Restructuring Statistics (Restructuring Performed)                                                                                             ;
+--------------------+-----------+---------------+----------------------+------------------------+------------+----------------------------------------------+
; Multiplexer Inputs ; Bus Width ; Baseline Area ; Area if Restructured ; Saving if Restructured ; Registered ; Example Multiplexer Output                   ;
+--------------------+-----------+---------------+----------------------+------------------------+------------+----------------------------------------------+
; 6:1                ; 4 bits    ; 16 LEs        ; 12 LEs               ; 4 LEs                  ; Yes        ; |MyReactionTimer|reaction2:React_MUT|BCD0[3] ;
; 6:1                ; 4 bits    ; 16 LEs        ; 12 LEs               ; 4 LEs                  ; Yes        ; |MyReactionTimer|reaction2:React_MUT|BCD1[3] ;
+--------------------+-----------+---------------+----------------------+------------------------+------------+----------------------------------------------+


+---------------------------------------------------------------------------------+
; Parameter Settings for User Entity Instance: Top-level Entity: |MyReactionTimer ;
+----------------+-------+--------------------------------------------------------+
; Parameter Name ; Value ; Type                                                   ;
+----------------+-------+--------------------------------------------------------+
; idle           ; 00    ; Unsigned Binary                                        ;
; delay          ; 01    ; Unsigned Binary                                        ;
; timing         ; 10    ; Unsigned Binary                                        ;
; display        ; 11    ; Unsigned Binary                                        ;
+----------------+-------+--------------------------------------------------------+
Note: In order to hide this table in the UI and the text report file, please set the "Show Parameter Settings in Synthesis Report" option in "Analysis and Synthesis Settings -> More Settings" to "Off".


+----------------------------------------------------------------------+
; Parameter Settings for User Entity Instance: ClockDivider100:CLK_MUT ;
+----------------+--------+--------------------------------------------+
; Parameter Name ; Value  ; Type                                       ;
+----------------+--------+--------------------------------------------+
; dnew           ; 500000 ; Signed Integer                             ;
+----------------+--------+--------------------------------------------+
Note: In order to hide this table in the UI and the text report file, please set the "Show Parameter Settings in Synthesis Report" option in "Analysis and Synthesis Settings -> More Settings" to "Off".


+--------------------------------------------------------------------------------------+
; Parameter Settings for Inferred Entity Instance: reaction2:React_MUT|lpm_divide:Mod0 ;
+------------------------+----------------+--------------------------------------------+
; Parameter Name         ; Value          ; Type                                       ;
+------------------------+----------------+--------------------------------------------+
; LPM_WIDTHN             ; 10             ; Untyped                                    ;
; LPM_WIDTHD             ; 9              ; Untyped                                    ;
; LPM_NREPRESENTATION    ; UNSIGNED       ; Untyped                                    ;
; LPM_DREPRESENTATION    ; UNSIGNED       ; Untyped                                    ;
; LPM_PIPELINE           ; 0              ; Untyped                                    ;
; LPM_REMAINDERPOSITIVE  ; TRUE           ; Untyped                                    ;
; MAXIMIZE_SPEED         ; 5              ; Untyped                                    ;
; CBXI_PARAMETER         ; lpm_divide_qll ; Untyped                                    ;
; CARRY_CHAIN            ; MANUAL         ; Untyped                                    ;
; OPTIMIZE_FOR_SPEED     ; 5              ; Untyped                                    ;
; AUTO_CARRY_CHAINS      ; ON             ; AUTO_CARRY                                 ;
; IGNORE_CARRY_BUFFERS   ; OFF            ; IGNORE_CARRY                               ;
; AUTO_CASCADE_CHAINS    ; ON             ; AUTO_CASCADE                               ;
; IGNORE_CASCADE_BUFFERS ; OFF            ; IGNORE_CASCADE                             ;
+------------------------+----------------+--------------------------------------------+
Note: In order to hide this table in the UI and the text report file, please set the "Show Parameter Settings in Synthesis Report" option in "Analysis and Synthesis Settings -> More Settings" to "Off".


+-----------------------------------------------------+
; Post-Synthesis Netlist Statistics for Top Partition ;
+-----------------------+-----------------------------+
; Type                  ; Count                       ;
+-----------------------+-----------------------------+
; boundary_port         ; 118                         ;
; cycloneiii_ff         ; 70                          ;
;     ENA               ; 17                          ;
;     SCLR              ; 38                          ;
;     plain             ; 15                          ;
; cycloneiii_io_obuf    ; 18                          ;
; cycloneiii_lcell_comb ; 156                         ;
;     arith             ; 64                          ;
;         2 data inputs ; 50                          ;
;         3 data inputs ; 14                          ;
;     normal            ; 92                          ;
;         0 data inputs ; 4                           ;
;         1 data inputs ; 5                           ;
;         2 data inputs ; 26                          ;
;         3 data inputs ; 17                          ;
;         4 data inputs ; 40                          ;
;                       ;                             ;
; Max LUT depth         ; 7.80                        ;
; Average LUT depth     ; 3.30                        ;
+-----------------------+-----------------------------+


+-------------------------------+
; Elapsed Time Per Partition    ;
+----------------+--------------+
; Partition Name ; Elapsed Time ;
+----------------+--------------+
; Top            ; 00:00:03     ;
+----------------+--------------+


+-------------------------------+
; Analysis & Synthesis Messages ;
+-------------------------------+
Info: *******************************************************************
Info: Running Quartus Prime Analysis & Synthesis
    Info: Version 20.1.1 Build 720 11/11/2020 SJ Lite Edition
    Info: Processing started: Fri Nov 18 21:06:30 2022
Info: Command: quartus_map --read_settings_files=on --write_settings_files=off MyReactionTimer -c MyReactionTimer
Warning (18236): Number of processors has not been specified which may cause overloading on shared machines.  Set the global assignment NUM_PARALLEL_PROCESSORS in your QSF to an appropriate value for best performance.
Info (20030): Parallel compilation is enabled and will use 8 of the 8 processors detected
Info (12021): Found 1 design units, including 1 entities, in source file clockdivider100.v
    Info (12023): Found entity 1: ClockDivider100 File: C:/Users/dsica/OneDrive/Escritorio/Embedded/fpgaProjects/MyReactionTimer/ClockDivider100.v Line: 1
Info (12021): Found 1 design units, including 1 entities, in source file seg7.v
    Info (12023): Found entity 1: seg7 File: C:/Users/dsica/OneDrive/Escritorio/Embedded/fpgaProjects/MyReactionTimer/seg7.v Line: 1
Info (12021): Found 1 design units, including 1 entities, in source file reaction2.v
    Info (12023): Found entity 1: reaction2 File: C:/Users/dsica/OneDrive/Escritorio/Embedded/fpgaProjects/MyReactionTimer/reaction2.v Line: 1
Warning (12125): Using design file myreactiontimer.v, which is not specified as a design file for the current project, but contains definitions for 1 design units and 1 entities in project
    Info (12023): Found entity 1: MyReactionTimer File: C:/Users/dsica/OneDrive/Escritorio/Embedded/fpgaProjects/MyReactionTimer/myreactiontimer.v Line: 6
Info (12127): Elaborating entity "MyReactionTimer" for the top level hierarchy
Warning (10034): Output port "DRAM_ADDR" at myreactiontimer.v(14) has no driver File: C:/Users/dsica/OneDrive/Escritorio/Embedded/fpgaProjects/MyReactionTimer/myreactiontimer.v Line: 14
Warning (10034): Output port "DRAM_BA" at myreactiontimer.v(15) has no driver File: C:/Users/dsica/OneDrive/Escritorio/Embedded/fpgaProjects/MyReactionTimer/myreactiontimer.v Line: 15
Warning (10034): Output port "DRAM_CAS_N" at myreactiontimer.v(16) has no driver File: C:/Users/dsica/OneDrive/Escritorio/Embedded/fpgaProjects/MyReactionTimer/myreactiontimer.v Line: 16
Warning (10034): Output port "DRAM_CKE" at myreactiontimer.v(17) has no driver File: C:/Users/dsica/OneDrive/Escritorio/Embedded/fpgaProjects/MyReactionTimer/myreactiontimer.v Line: 17
Warning (10034): Output port "DRAM_CLK" at myreactiontimer.v(18) has no driver File: C:/Users/dsica/OneDrive/Escritorio/Embedded/fpgaProjects/MyReactionTimer/myreactiontimer.v Line: 18
Warning (10034): Output port "DRAM_CS_N" at myreactiontimer.v(19) has no driver File: C:/Users/dsica/OneDrive/Escritorio/Embedded/fpgaProjects/MyReactionTimer/myreactiontimer.v Line: 19
Warning (10034): Output port "DRAM_LDQM" at myreactiontimer.v(21) has no driver File: C:/Users/dsica/OneDrive/Escritorio/Embedded/fpgaProjects/MyReactionTimer/myreactiontimer.v Line: 21
Warning (10034): Output port "DRAM_RAS_N" at myreactiontimer.v(22) has no driver File: C:/Users/dsica/OneDrive/Escritorio/Embedded/fpgaProjects/MyReactionTimer/myreactiontimer.v Line: 22
Warning (10034): Output port "DRAM_UDQM" at myreactiontimer.v(23) has no driver File: C:/Users/dsica/OneDrive/Escritorio/Embedded/fpgaProjects/MyReactionTimer/myreactiontimer.v Line: 23
Warning (10034): Output port "DRAM_WE_N" at myreactiontimer.v(24) has no driver File: C:/Users/dsica/OneDrive/Escritorio/Embedded/fpgaProjects/MyReactionTimer/myreactiontimer.v Line: 24
Warning (10034): Output port "GSENSOR_CS_N" at myreactiontimer.v(44) has no driver File: C:/Users/dsica/OneDrive/Escritorio/Embedded/fpgaProjects/MyReactionTimer/myreactiontimer.v Line: 44
Warning (10034): Output port "GSENSOR_SCLK" at myreactiontimer.v(46) has no driver File: C:/Users/dsica/OneDrive/Escritorio/Embedded/fpgaProjects/MyReactionTimer/myreactiontimer.v Line: 46
Info (12128): Elaborating entity "ClockDivider100" for hierarchy "ClockDivider100:CLK_MUT" File: C:/Users/dsica/OneDrive/Escritorio/Embedded/fpgaProjects/MyReactionTimer/myreactiontimer.v Line: 108
Info (12128): Elaborating entity "reaction2" for hierarchy "reaction2:React_MUT" File: C:/Users/dsica/OneDrive/Escritorio/Embedded/fpgaProjects/MyReactionTimer/myreactiontimer.v Line: 110
Warning (10230): Verilog HDL assignment warning at reaction2.v(23): truncated value with size 32 to match size of target (10) File: C:/Users/dsica/OneDrive/Escritorio/Embedded/fpgaProjects/MyReactionTimer/reaction2.v Line: 23
Warning (10230): Verilog HDL assignment warning at reaction2.v(31): truncated value with size 32 to match size of target (10) File: C:/Users/dsica/OneDrive/Escritorio/Embedded/fpgaProjects/MyReactionTimer/reaction2.v Line: 31
Warning (10230): Verilog HDL assignment warning at reaction2.v(51): truncated value with size 32 to match size of target (4) File: C:/Users/dsica/OneDrive/Escritorio/Embedded/fpgaProjects/MyReactionTimer/reaction2.v Line: 51
Warning (10230): Verilog HDL assignment warning at reaction2.v(54): truncated value with size 32 to match size of target (4) File: C:/Users/dsica/OneDrive/Escritorio/Embedded/fpgaProjects/MyReactionTimer/reaction2.v Line: 54
Info (12128): Elaborating entity "seg7" for hierarchy "reaction2:React_MUT|seg7:seg1" File: C:/Users/dsica/OneDrive/Escritorio/Embedded/fpgaProjects/MyReactionTimer/reaction2.v Line: 80
Info (278001): Inferred 1 megafunctions from design logic
    Info (278004): Inferred divider/modulo megafunction ("lpm_divide") from the following logic: "reaction2:React_MUT|Mod0" File: C:/Users/dsica/OneDrive/Escritorio/Embedded/fpgaProjects/MyReactionTimer/reaction2.v Line: 33
Info (12130): Elaborated megafunction instantiation "reaction2:React_MUT|lpm_divide:Mod0" File: C:/Users/dsica/OneDrive/Escritorio/Embedded/fpgaProjects/MyReactionTimer/reaction2.v Line: 33
Info (12133): Instantiated megafunction "reaction2:React_MUT|lpm_divide:Mod0" with the following parameter: File: C:/Users/dsica/OneDrive/Escritorio/Embedded/fpgaProjects/MyReactionTimer/reaction2.v Line: 33
    Info (12134): Parameter "LPM_WIDTHN" = "10"
    Info (12134): Parameter "LPM_WIDTHD" = "9"
    Info (12134): Parameter "LPM_NREPRESENTATION" = "UNSIGNED"
    Info (12134): Parameter "LPM_DREPRESENTATION" = "UNSIGNED"
Info (12021): Found 1 design units, including 1 entities, in source file db/lpm_divide_qll.tdf
    Info (12023): Found entity 1: lpm_divide_qll File: C:/Users/dsica/OneDrive/Escritorio/Embedded/fpgaProjects/MyReactionTimer/db/lpm_divide_qll.tdf Line: 25
Info (12021): Found 1 design units, including 1 entities, in source file db/sign_div_unsign_plh.tdf
    Info (12023): Found entity 1: sign_div_unsign_plh File: C:/Users/dsica/OneDrive/Escritorio/Embedded/fpgaProjects/MyReactionTimer/db/sign_div_unsign_plh.tdf Line: 25
Info (12021): Found 1 design units, including 1 entities, in source file db/alt_u_div_she.tdf
    Info (12023): Found entity 1: alt_u_div_she File: C:/Users/dsica/OneDrive/Escritorio/Embedded/fpgaProjects/MyReactionTimer/db/alt_u_div_she.tdf Line: 27
Info (12021): Found 1 design units, including 1 entities, in source file db/add_sub_t3c.tdf
    Info (12023): Found entity 1: add_sub_t3c File: C:/Users/dsica/OneDrive/Escritorio/Embedded/fpgaProjects/MyReactionTimer/db/add_sub_t3c.tdf Line: 23
Info (12021): Found 1 design units, including 1 entities, in source file db/add_sub_u3c.tdf
    Info (12023): Found entity 1: add_sub_u3c File: C:/Users/dsica/OneDrive/Escritorio/Embedded/fpgaProjects/MyReactionTimer/db/add_sub_u3c.tdf Line: 23
Warning (13039): The following bidirectional pins have no drivers
    Warning (13040): bidirectional pin "DRAM_DQ[0]" has no driver File: C:/Users/dsica/OneDrive/Escritorio/Embedded/fpgaProjects/MyReactionTimer/myreactiontimer.v Line: 20
    Warning (13040): bidirectional pin "DRAM_DQ[1]" has no driver File: C:/Users/dsica/OneDrive/Escritorio/Embedded/fpgaProjects/MyReactionTimer/myreactiontimer.v Line: 20
    Warning (13040): bidirectional pin "DRAM_DQ[2]" has no driver File: C:/Users/dsica/OneDrive/Escritorio/Embedded/fpgaProjects/MyReactionTimer/myreactiontimer.v Line: 20
    Warning (13040): bidirectional pin "DRAM_DQ[3]" has no driver File: C:/Users/dsica/OneDrive/Escritorio/Embedded/fpgaProjects/MyReactionTimer/myreactiontimer.v Line: 20
    Warning (13040): bidirectional pin "DRAM_DQ[4]" has no driver File: C:/Users/dsica/OneDrive/Escritorio/Embedded/fpgaProjects/MyReactionTimer/myreactiontimer.v Line: 20
    Warning (13040): bidirectional pin "DRAM_DQ[5]" has no driver File: C:/Users/dsica/OneDrive/Escritorio/Embedded/fpgaProjects/MyReactionTimer/myreactiontimer.v Line: 20
    Warning (13040): bidirectional pin "DRAM_DQ[6]" has no driver File: C:/Users/dsica/OneDrive/Escritorio/Embedded/fpgaProjects/MyReactionTimer/myreactiontimer.v Line: 20
    Warning (13040): bidirectional pin "DRAM_DQ[7]" has no driver File: C:/Users/dsica/OneDrive/Escritorio/Embedded/fpgaProjects/MyReactionTimer/myreactiontimer.v Line: 20
    Warning (13040): bidirectional pin "DRAM_DQ[8]" has no driver File: C:/Users/dsica/OneDrive/Escritorio/Embedded/fpgaProjects/MyReactionTimer/myreactiontimer.v Line: 20
    Warning (13040): bidirectional pin "DRAM_DQ[9]" has no driver File: C:/Users/dsica/OneDrive/Escritorio/Embedded/fpgaProjects/MyReactionTimer/myreactiontimer.v Line: 20
    Warning (13040): bidirectional pin "DRAM_DQ[10]" has no driver File: C:/Users/dsica/OneDrive/Escritorio/Embedded/fpgaProjects/MyReactionTimer/myreactiontimer.v Line: 20
    Warning (13040): bidirectional pin "DRAM_DQ[11]" has no driver File: C:/Users/dsica/OneDrive/Escritorio/Embedded/fpgaProjects/MyReactionTimer/myreactiontimer.v Line: 20
    Warning (13040): bidirectional pin "DRAM_DQ[12]" has no driver File: C:/Users/dsica/OneDrive/Escritorio/Embedded/fpgaProjects/MyReactionTimer/myreactiontimer.v Line: 20
    Warning (13040): bidirectional pin "DRAM_DQ[13]" has no driver File: C:/Users/dsica/OneDrive/Escritorio/Embedded/fpgaProjects/MyReactionTimer/myreactiontimer.v Line: 20
    Warning (13040): bidirectional pin "DRAM_DQ[14]" has no driver File: C:/Users/dsica/OneDrive/Escritorio/Embedded/fpgaProjects/MyReactionTimer/myreactiontimer.v Line: 20
    Warning (13040): bidirectional pin "DRAM_DQ[15]" has no driver File: C:/Users/dsica/OneDrive/Escritorio/Embedded/fpgaProjects/MyReactionTimer/myreactiontimer.v Line: 20
    Warning (13040): bidirectional pin "GSENSOR_SDI" has no driver File: C:/Users/dsica/OneDrive/Escritorio/Embedded/fpgaProjects/MyReactionTimer/myreactiontimer.v Line: 47
    Warning (13040): bidirectional pin "GSENSOR_SDO" has no driver File: C:/Users/dsica/OneDrive/Escritorio/Embedded/fpgaProjects/MyReactionTimer/myreactiontimer.v Line: 49
Warning (13024): Output pins are stuck at VCC or GND
    Warning (13410): Pin "DRAM_ADDR[0]" is stuck at GND File: C:/Users/dsica/OneDrive/Escritorio/Embedded/fpgaProjects/MyReactionTimer/myreactiontimer.v Line: 14
    Warning (13410): Pin "DRAM_ADDR[1]" is stuck at GND File: C:/Users/dsica/OneDrive/Escritorio/Embedded/fpgaProjects/MyReactionTimer/myreactiontimer.v Line: 14
    Warning (13410): Pin "DRAM_ADDR[2]" is stuck at GND File: C:/Users/dsica/OneDrive/Escritorio/Embedded/fpgaProjects/MyReactionTimer/myreactiontimer.v Line: 14
    Warning (13410): Pin "DRAM_ADDR[3]" is stuck at GND File: C:/Users/dsica/OneDrive/Escritorio/Embedded/fpgaProjects/MyReactionTimer/myreactiontimer.v Line: 14
    Warning (13410): Pin "DRAM_ADDR[4]" is stuck at GND File: C:/Users/dsica/OneDrive/Escritorio/Embedded/fpgaProjects/MyReactionTimer/myreactiontimer.v Line: 14
    Warning (13410): Pin "DRAM_ADDR[5]" is stuck at GND File: C:/Users/dsica/OneDrive/Escritorio/Embedded/fpgaProjects/MyReactionTimer/myreactiontimer.v Line: 14
    Warning (13410): Pin "DRAM_ADDR[6]" is stuck at GND File: C:/Users/dsica/OneDrive/Escritorio/Embedded/fpgaProjects/MyReactionTimer/myreactiontimer.v Line: 14
    Warning (13410): Pin "DRAM_ADDR[7]" is stuck at GND File: C:/Users/dsica/OneDrive/Escritorio/Embedded/fpgaProjects/MyReactionTimer/myreactiontimer.v Line: 14
    Warning (13410): Pin "DRAM_ADDR[8]" is stuck at GND File: C:/Users/dsica/OneDrive/Escritorio/Embedded/fpgaProjects/MyReactionTimer/myreactiontimer.v Line: 14
    Warning (13410): Pin "DRAM_ADDR[9]" is stuck at GND File: C:/Users/dsica/OneDrive/Escritorio/Embedded/fpgaProjects/MyReactionTimer/myreactiontimer.v Line: 14
    Warning (13410): Pin "DRAM_ADDR[10]" is stuck at GND File: C:/Users/dsica/OneDrive/Escritorio/Embedded/fpgaProjects/MyReactionTimer/myreactiontimer.v Line: 14
    Warning (13410): Pin "DRAM_ADDR[11]" is stuck at GND File: C:/Users/dsica/OneDrive/Escritorio/Embedded/fpgaProjects/MyReactionTimer/myreactiontimer.v Line: 14
    Warning (13410): Pin "DRAM_ADDR[12]" is stuck at GND File: C:/Users/dsica/OneDrive/Escritorio/Embedded/fpgaProjects/MyReactionTimer/myreactiontimer.v Line: 14
    Warning (13410): Pin "DRAM_BA[0]" is stuck at GND File: C:/Users/dsica/OneDrive/Escritorio/Embedded/fpgaProjects/MyReactionTimer/myreactiontimer.v Line: 15
    Warning (13410): Pin "DRAM_BA[1]" is stuck at GND File: C:/Users/dsica/OneDrive/Escritorio/Embedded/fpgaProjects/MyReactionTimer/myreactiontimer.v Line: 15
    Warning (13410): Pin "DRAM_CAS_N" is stuck at GND File: C:/Users/dsica/OneDrive/Escritorio/Embedded/fpgaProjects/MyReactionTimer/myreactiontimer.v Line: 16
    Warning (13410): Pin "DRAM_CKE" is stuck at GND File: C:/Users/dsica/OneDrive/Escritorio/Embedded/fpgaProjects/MyReactionTimer/myreactiontimer.v Line: 17
    Warning (13410): Pin "DRAM_CLK" is stuck at GND File: C:/Users/dsica/OneDrive/Escritorio/Embedded/fpgaProjects/MyReactionTimer/myreactiontimer.v Line: 18
    Warning (13410): Pin "DRAM_CS_N" is stuck at GND File: C:/Users/dsica/OneDrive/Escritorio/Embedded/fpgaProjects/MyReactionTimer/myreactiontimer.v Line: 19
    Warning (13410): Pin "DRAM_LDQM" is stuck at GND File: C:/Users/dsica/OneDrive/Escritorio/Embedded/fpgaProjects/MyReactionTimer/myreactiontimer.v Line: 21
    Warning (13410): Pin "DRAM_RAS_N" is stuck at GND File: C:/Users/dsica/OneDrive/Escritorio/Embedded/fpgaProjects/MyReactionTimer/myreactiontimer.v Line: 22
    Warning (13410): Pin "DRAM_UDQM" is stuck at GND File: C:/Users/dsica/OneDrive/Escritorio/Embedded/fpgaProjects/MyReactionTimer/myreactiontimer.v Line: 23
    Warning (13410): Pin "DRAM_WE_N" is stuck at GND File: C:/Users/dsica/OneDrive/Escritorio/Embedded/fpgaProjects/MyReactionTimer/myreactiontimer.v Line: 24
    Warning (13410): Pin "HEX0[7]" is stuck at VCC File: C:/Users/dsica/OneDrive/Escritorio/Embedded/fpgaProjects/MyReactionTimer/myreactiontimer.v Line: 27
    Warning (13410): Pin "HEX1[7]" is stuck at VCC File: C:/Users/dsica/OneDrive/Escritorio/Embedded/fpgaProjects/MyReactionTimer/myreactiontimer.v Line: 28
    Warning (13410): Pin "HEX2[0]" is stuck at GND File: C:/Users/dsica/OneDrive/Escritorio/Embedded/fpgaProjects/MyReactionTimer/myreactiontimer.v Line: 29
    Warning (13410): Pin "HEX2[1]" is stuck at GND File: C:/Users/dsica/OneDrive/Escritorio/Embedded/fpgaProjects/MyReactionTimer/myreactiontimer.v Line: 29
    Warning (13410): Pin "HEX2[2]" is stuck at GND File: C:/Users/dsica/OneDrive/Escritorio/Embedded/fpgaProjects/MyReactionTimer/myreactiontimer.v Line: 29
    Warning (13410): Pin "HEX2[3]" is stuck at GND File: C:/Users/dsica/OneDrive/Escritorio/Embedded/fpgaProjects/MyReactionTimer/myreactiontimer.v Line: 29
    Warning (13410): Pin "HEX2[4]" is stuck at GND File: C:/Users/dsica/OneDrive/Escritorio/Embedded/fpgaProjects/MyReactionTimer/myreactiontimer.v Line: 29
    Warning (13410): Pin "HEX2[5]" is stuck at GND File: C:/Users/dsica/OneDrive/Escritorio/Embedded/fpgaProjects/MyReactionTimer/myreactiontimer.v Line: 29
    Warning (13410): Pin "HEX2[6]" is stuck at VCC File: C:/Users/dsica/OneDrive/Escritorio/Embedded/fpgaProjects/MyReactionTimer/myreactiontimer.v Line: 29
    Warning (13410): Pin "HEX2[7]" is stuck at GND File: C:/Users/dsica/OneDrive/Escritorio/Embedded/fpgaProjects/MyReactionTimer/myreactiontimer.v Line: 29
    Warning (13410): Pin "HEX3[0]" is stuck at VCC File: C:/Users/dsica/OneDrive/Escritorio/Embedded/fpgaProjects/MyReactionTimer/myreactiontimer.v Line: 30
    Warning (13410): Pin "HEX3[1]" is stuck at VCC File: C:/Users/dsica/OneDrive/Escritorio/Embedded/fpgaProjects/MyReactionTimer/myreactiontimer.v Line: 30
    Warning (13410): Pin "HEX3[2]" is stuck at VCC File: C:/Users/dsica/OneDrive/Escritorio/Embedded/fpgaProjects/MyReactionTimer/myreactiontimer.v Line: 30
    Warning (13410): Pin "HEX3[3]" is stuck at VCC File: C:/Users/dsica/OneDrive/Escritorio/Embedded/fpgaProjects/MyReactionTimer/myreactiontimer.v Line: 30
    Warning (13410): Pin "HEX3[4]" is stuck at VCC File: C:/Users/dsica/OneDrive/Escritorio/Embedded/fpgaProjects/MyReactionTimer/myreactiontimer.v Line: 30
    Warning (13410): Pin "HEX3[5]" is stuck at VCC File: C:/Users/dsica/OneDrive/Escritorio/Embedded/fpgaProjects/MyReactionTimer/myreactiontimer.v Line: 30
    Warning (13410): Pin "HEX3[6]" is stuck at VCC File: C:/Users/dsica/OneDrive/Escritorio/Embedded/fpgaProjects/MyReactionTimer/myreactiontimer.v Line: 30
    Warning (13410): Pin "HEX3[7]" is stuck at VCC File: C:/Users/dsica/OneDrive/Escritorio/Embedded/fpgaProjects/MyReactionTimer/myreactiontimer.v Line: 30
    Warning (13410): Pin "HEX4[0]" is stuck at VCC File: C:/Users/dsica/OneDrive/Escritorio/Embedded/fpgaProjects/MyReactionTimer/myreactiontimer.v Line: 31
    Warning (13410): Pin "HEX4[1]" is stuck at VCC File: C:/Users/dsica/OneDrive/Escritorio/Embedded/fpgaProjects/MyReactionTimer/myreactiontimer.v Line: 31
    Warning (13410): Pin "HEX4[2]" is stuck at VCC File: C:/Users/dsica/OneDrive/Escritorio/Embedded/fpgaProjects/MyReactionTimer/myreactiontimer.v Line: 31
    Warning (13410): Pin "HEX4[3]" is stuck at VCC File: C:/Users/dsica/OneDrive/Escritorio/Embedded/fpgaProjects/MyReactionTimer/myreactiontimer.v Line: 31
    Warning (13410): Pin "HEX4[4]" is stuck at VCC File: C:/Users/dsica/OneDrive/Escritorio/Embedded/fpgaProjects/MyReactionTimer/myreactiontimer.v Line: 31
    Warning (13410): Pin "HEX4[5]" is stuck at VCC File: C:/Users/dsica/OneDrive/Escritorio/Embedded/fpgaProjects/MyReactionTimer/myreactiontimer.v Line: 31
    Warning (13410): Pin "HEX4[6]" is stuck at VCC File: C:/Users/dsica/OneDrive/Escritorio/Embedded/fpgaProjects/MyReactionTimer/myreactiontimer.v Line: 31
    Warning (13410): Pin "HEX4[7]" is stuck at VCC File: C:/Users/dsica/OneDrive/Escritorio/Embedded/fpgaProjects/MyReactionTimer/myreactiontimer.v Line: 31
    Warning (13410): Pin "HEX5[0]" is stuck at VCC File: C:/Users/dsica/OneDrive/Escritorio/Embedded/fpgaProjects/MyReactionTimer/myreactiontimer.v Line: 32
    Warning (13410): Pin "HEX5[1]" is stuck at VCC File: C:/Users/dsica/OneDrive/Escritorio/Embedded/fpgaProjects/MyReactionTimer/myreactiontimer.v Line: 32
    Warning (13410): Pin "HEX5[2]" is stuck at VCC File: C:/Users/dsica/OneDrive/Escritorio/Embedded/fpgaProjects/MyReactionTimer/myreactiontimer.v Line: 32
    Warning (13410): Pin "HEX5[3]" is stuck at VCC File: C:/Users/dsica/OneDrive/Escritorio/Embedded/fpgaProjects/MyReactionTimer/myreactiontimer.v Line: 32
    Warning (13410): Pin "HEX5[4]" is stuck at VCC File: C:/Users/dsica/OneDrive/Escritorio/Embedded/fpgaProjects/MyReactionTimer/myreactiontimer.v Line: 32
    Warning (13410): Pin "HEX5[5]" is stuck at VCC File: C:/Users/dsica/OneDrive/Escritorio/Embedded/fpgaProjects/MyReactionTimer/myreactiontimer.v Line: 32
    Warning (13410): Pin "HEX5[6]" is stuck at VCC File: C:/Users/dsica/OneDrive/Escritorio/Embedded/fpgaProjects/MyReactionTimer/myreactiontimer.v Line: 32
    Warning (13410): Pin "HEX5[7]" is stuck at VCC File: C:/Users/dsica/OneDrive/Escritorio/Embedded/fpgaProjects/MyReactionTimer/myreactiontimer.v Line: 32
    Warning (13410): Pin "GSENSOR_CS_N" is stuck at GND File: C:/Users/dsica/OneDrive/Escritorio/Embedded/fpgaProjects/MyReactionTimer/myreactiontimer.v Line: 44
    Warning (13410): Pin "GSENSOR_SCLK" is stuck at GND File: C:/Users/dsica/OneDrive/Escritorio/Embedded/fpgaProjects/MyReactionTimer/myreactiontimer.v Line: 46
Info (286030): Timing-Driven Synthesis is running
Info (144001): Generated suppressed messages file C:/Users/dsica/OneDrive/Escritorio/Embedded/fpgaProjects/MyReactionTimer/MyReactionTimer.map.smsg
Info (16010): Generating hard_block partition "hard_block:auto_generated_inst"
    Info (16011): Adding 0 node(s), including 0 DDIO, 0 PLL, 0 transceiver and 0 LCELL
Warning (21074): Design contains 14 input pin(s) that do not drive logic
    Warning (15610): No output dependent on input pin "ADC_CLK_10" File: C:/Users/dsica/OneDrive/Escritorio/Embedded/fpgaProjects/MyReactionTimer/myreactiontimer.v Line: 9
    Warning (15610): No output dependent on input pin "MAX10_CLK2_50" File: C:/Users/dsica/OneDrive/Escritorio/Embedded/fpgaProjects/MyReactionTimer/myreactiontimer.v Line: 11
    Warning (15610): No output dependent on input pin "KEY[0]" File: C:/Users/dsica/OneDrive/Escritorio/Embedded/fpgaProjects/MyReactionTimer/myreactiontimer.v Line: 35
    Warning (15610): No output dependent on input pin "SW[1]" File: C:/Users/dsica/OneDrive/Escritorio/Embedded/fpgaProjects/MyReactionTimer/myreactiontimer.v Line: 41
    Warning (15610): No output dependent on input pin "SW[2]" File: C:/Users/dsica/OneDrive/Escritorio/Embedded/fpgaProjects/MyReactionTimer/myreactiontimer.v Line: 41
    Warning (15610): No output dependent on input pin "SW[3]" File: C:/Users/dsica/OneDrive/Escritorio/Embedded/fpgaProjects/MyReactionTimer/myreactiontimer.v Line: 41
    Warning (15610): No output dependent on input pin "SW[4]" File: C:/Users/dsica/OneDrive/Escritorio/Embedded/fpgaProjects/MyReactionTimer/myreactiontimer.v Line: 41
    Warning (15610): No output dependent on input pin "SW[5]" File: C:/Users/dsica/OneDrive/Escritorio/Embedded/fpgaProjects/MyReactionTimer/myreactiontimer.v Line: 41
    Warning (15610): No output dependent on input pin "SW[6]" File: C:/Users/dsica/OneDrive/Escritorio/Embedded/fpgaProjects/MyReactionTimer/myreactiontimer.v Line: 41
    Warning (15610): No output dependent on input pin "SW[7]" File: C:/Users/dsica/OneDrive/Escritorio/Embedded/fpgaProjects/MyReactionTimer/myreactiontimer.v Line: 41
    Warning (15610): No output dependent on input pin "SW[8]" File: C:/Users/dsica/OneDrive/Escritorio/Embedded/fpgaProjects/MyReactionTimer/myreactiontimer.v Line: 41
    Warning (15610): No output dependent on input pin "SW[9]" File: C:/Users/dsica/OneDrive/Escritorio/Embedded/fpgaProjects/MyReactionTimer/myreactiontimer.v Line: 41
    Warning (15610): No output dependent on input pin "GSENSOR_INT[1]" File: C:/Users/dsica/OneDrive/Escritorio/Embedded/fpgaProjects/MyReactionTimer/myreactiontimer.v Line: 45
    Warning (15610): No output dependent on input pin "GSENSOR_INT[2]" File: C:/Users/dsica/OneDrive/Escritorio/Embedded/fpgaProjects/MyReactionTimer/myreactiontimer.v Line: 45
Info (21057): Implemented 280 device resources after synthesis - the final resource count might be different
    Info (21058): Implemented 17 input pins
    Info (21059): Implemented 83 output pins
    Info (21060): Implemented 18 bidirectional pins
    Info (21061): Implemented 162 logic cells
Info: Quartus Prime Analysis & Synthesis was successful. 0 errors, 112 warnings
    Info: Peak virtual memory: 4806 megabytes
    Info: Processing ended: Fri Nov 18 21:06:54 2022
    Info: Elapsed time: 00:00:24
    Info: Total CPU time (on all processors): 00:00:49


+------------------------------------------+
; Analysis & Synthesis Suppressed Messages ;
+------------------------------------------+
The suppressed messages can be found in C:/Users/dsica/OneDrive/Escritorio/Embedded/fpgaProjects/MyReactionTimer/MyReactionTimer.map.smsg.


