Analysis & Synthesis report for ThunderBird
Sun Nov 20 20:51:21 2022
Quartus Prime Version 20.1.1 Build 720 11/11/2020 SJ Lite Edition


---------------------
; Table of Contents ;
---------------------
  1. Legal Notice
  2. Analysis & Synthesis Summary
  3. Analysis & Synthesis Settings
  4. Parallel Compilation
  5. Analysis & Synthesis Source Files Read
  6. Analysis & Synthesis Resource Usage Summary
  7. Analysis & Synthesis Resource Utilization by Entity
  8. Registers Removed During Synthesis
  9. General Register Statistics
 10. Inverted Register Statistics
 11. Multiplexer Restructuring Statistics (Restructuring Performed)
 12. Parameter Settings for User Entity Instance: Top-level Entity: |ThunderBird
 13. Post-Synthesis Netlist Statistics for Top Partition
 14. Elapsed Time Per Partition
 15. Analysis & Synthesis Messages
 16. Analysis & Synthesis Suppressed Messages



----------------
; Legal Notice ;
----------------
Copyright (C) 2020  Intel Corporation. All rights reserved.
Your use of Intel Corporation's design tools, logic functions 
and other software and tools, and any partner logic 
functions, and any output files from any of the foregoing 
(including device programming or simulation files), and any 
associated documentation or information are expressly subject 
to the terms and conditions of the Intel Program License 
Subscription Agreement, the Intel Quartus Prime License Agreement,
the Intel FPGA IP License Agreement, or other applicable license
agreement, including, without limitation, that your use is for
the sole purpose of programming logic devices manufactured by
Intel and sold by Intel or its authorized distributors.  Please
refer to the applicable agreement for further details, at
https://fpgasoftware.intel.com/eula.



+----------------------------------------------------------------------------------+
; Analysis & Synthesis Summary                                                     ;
+------------------------------------+---------------------------------------------+
; Analysis & Synthesis Status        ; Successful - Sun Nov 20 20:51:21 2022       ;
; Quartus Prime Version              ; 20.1.1 Build 720 11/11/2020 SJ Lite Edition ;
; Revision Name                      ; ThunderBird                                 ;
; Top-level Entity Name              ; ThunderBird                                 ;
; Family                             ; MAX 10                                      ;
; Total logic elements               ; 191                                         ;
;     Total combinational functions  ; 189                                         ;
;     Dedicated logic registers      ; 82                                          ;
; Total registers                    ; 82                                          ;
; Total pins                         ; 118                                         ;
; Total virtual pins                 ; 0                                           ;
; Total memory bits                  ; 0                                           ;
; Embedded Multiplier 9-bit elements ; 0                                           ;
; Total PLLs                         ; 0                                           ;
; UFM blocks                         ; 0                                           ;
; ADC blocks                         ; 0                                           ;
+------------------------------------+---------------------------------------------+


+------------------------------------------------------------------------------------------------------------+
; Analysis & Synthesis Settings                                                                              ;
+------------------------------------------------------------------+--------------------+--------------------+
; Option                                                           ; Setting            ; Default Value      ;
+------------------------------------------------------------------+--------------------+--------------------+
; Device                                                           ; 10M50DAF484C7G     ;                    ;
; Top-level entity name                                            ; ThunderBird        ; ThunderBird        ;
; Family name                                                      ; MAX 10 FPGA        ; Cyclone V          ;
; Use smart compilation                                            ; Off                ; Off                ;
; Enable parallel Assembler and Timing Analyzer during compilation ; On                 ; On                 ;
; Enable compact report table                                      ; Off                ; Off                ;
; Restructure Multiplexers                                         ; Auto               ; Auto               ;
; Create Debugging Nodes for IP Cores                              ; Off                ; Off                ;
; Preserve fewer node names                                        ; On                 ; On                 ;
; Intel FPGA IP Evaluation Mode                                    ; Enable             ; Enable             ;
; Verilog Version                                                  ; Verilog_2001       ; Verilog_2001       ;
; VHDL Version                                                     ; VHDL_1993          ; VHDL_1993          ;
; State Machine Processing                                         ; Auto               ; Auto               ;
; Safe State Machine                                               ; Off                ; Off                ;
; Extract Verilog State Machines                                   ; On                 ; On                 ;
; Extract VHDL State Machines                                      ; On                 ; On                 ;
; Ignore Verilog initial constructs                                ; Off                ; Off                ;
; Iteration limit for constant Verilog loops                       ; 5000               ; 5000               ;
; Iteration limit for non-constant Verilog loops                   ; 250                ; 250                ;
; Add Pass-Through Logic to Inferred RAMs                          ; On                 ; On                 ;
; Infer RAMs from Raw Logic                                        ; On                 ; On                 ;
; Parallel Synthesis                                               ; On                 ; On                 ;
; DSP Block Balancing                                              ; Auto               ; Auto               ;
; NOT Gate Push-Back                                               ; On                 ; On                 ;
; Power-Up Don't Care                                              ; On                 ; On                 ;
; Remove Redundant Logic Cells                                     ; Off                ; Off                ;
; Remove Duplicate Registers                                       ; On                 ; On                 ;
; Ignore CARRY Buffers                                             ; Off                ; Off                ;
; Ignore CASCADE Buffers                                           ; Off                ; Off                ;
; Ignore GLOBAL Buffers                                            ; Off                ; Off                ;
; Ignore ROW GLOBAL Buffers                                        ; Off                ; Off                ;
; Ignore LCELL Buffers                                             ; Off                ; Off                ;
; Ignore SOFT Buffers                                              ; On                 ; On                 ;
; Limit AHDL Integers to 32 Bits                                   ; Off                ; Off                ;
; Optimization Technique                                           ; Balanced           ; Balanced           ;
; Carry Chain Length                                               ; 70                 ; 70                 ;
; Auto Carry Chains                                                ; On                 ; On                 ;
; Auto Open-Drain Pins                                             ; On                 ; On                 ;
; Perform WYSIWYG Primitive Resynthesis                            ; Off                ; Off                ;
; Auto ROM Replacement                                             ; On                 ; On                 ;
; Auto RAM Replacement                                             ; On                 ; On                 ;
; Auto DSP Block Replacement                                       ; On                 ; On                 ;
; Auto Shift Register Replacement                                  ; Auto               ; Auto               ;
; Allow Shift Register Merging across Hierarchies                  ; Auto               ; Auto               ;
; Auto Clock Enable Replacement                                    ; On                 ; On                 ;
; Strict RAM Replacement                                           ; Off                ; Off                ;
; Allow Synchronous Control Signals                                ; On                 ; On                 ;
; Force Use of Synchronous Clear Signals                           ; Off                ; Off                ;
; Auto RAM Block Balancing                                         ; On                 ; On                 ;
; Auto RAM to Logic Cell Conversion                                ; Off                ; Off                ;
; Auto Resource Sharing                                            ; Off                ; Off                ;
; Allow Any RAM Size For Recognition                               ; Off                ; Off                ;
; Allow Any ROM Size For Recognition                               ; Off                ; Off                ;
; Allow Any Shift Register Size For Recognition                    ; Off                ; Off                ;
; Use LogicLock Constraints during Resource Balancing              ; On                 ; On                 ;
; Ignore translate_off and synthesis_off directives                ; Off                ; Off                ;
; Timing-Driven Synthesis                                          ; On                 ; On                 ;
; Report Parameter Settings                                        ; On                 ; On                 ;
; Report Source Assignments                                        ; On                 ; On                 ;
; Report Connectivity Checks                                       ; On                 ; On                 ;
; Ignore Maximum Fan-Out Assignments                               ; Off                ; Off                ;
; Synchronization Register Chain Length                            ; 2                  ; 2                  ;
; Power Optimization During Synthesis                              ; Normal compilation ; Normal compilation ;
; HDL message level                                                ; Level2             ; Level2             ;
; Suppress Register Optimization Related Messages                  ; Off                ; Off                ;
; Number of Removed Registers Reported in Synthesis Report         ; 5000               ; 5000               ;
; Number of Swept Nodes Reported in Synthesis Report               ; 5000               ; 5000               ;
; Number of Inverted Registers Reported in Synthesis Report        ; 100                ; 100                ;
; Clock MUX Protection                                             ; On                 ; On                 ;
; Auto Gated Clock Conversion                                      ; Off                ; Off                ;
; Block Design Naming                                              ; Auto               ; Auto               ;
; SDC constraint protection                                        ; Off                ; Off                ;
; Synthesis Effort                                                 ; Auto               ; Auto               ;
; Shift Register Replacement - Allow Asynchronous Clear Signal     ; On                 ; On                 ;
; Pre-Mapping Resynthesis Optimization                             ; Off                ; Off                ;
; Analysis & Synthesis Message Level                               ; Medium             ; Medium             ;
; Disable Register Merging Across Hierarchies                      ; Auto               ; Auto               ;
; Resource Aware Inference For Block RAM                           ; On                 ; On                 ;
+------------------------------------------------------------------+--------------------+--------------------+


+------------------------------------------+
; Parallel Compilation                     ;
+----------------------------+-------------+
; Processors                 ; Number      ;
+----------------------------+-------------+
; Number detected on machine ; 8           ;
; Maximum allowed            ; 8           ;
;                            ;             ;
; Average used               ; 1.00        ;
; Maximum used               ; 8           ;
;                            ;             ;
; Usage by Processor         ; % Time Used ;
;     Processor 1            ; 100.0%      ;
;     Processors 2-8         ;   0.0%      ;
+----------------------------+-------------+


+---------------------------------------------------------------------------------------------------------------------------------------------------------------------------------------------+
; Analysis & Synthesis Source Files Read                                                                                                                                                      ;
+----------------------------------+-----------------+------------------------------+-----------------------------------------------------------------------------------------------+---------+
; File Name with User-Entered Path ; Used in Netlist ; File Type                    ; File Name with Absolute Path                                                                  ; Library ;
+----------------------------------+-----------------+------------------------------+-----------------------------------------------------------------------------------------------+---------+
; Thundercases.v                   ; yes             ; User Verilog HDL File        ; C:/Users/dsica/OneDrive/Escritorio/Embedded/fpgaProjects/ThunderBirdProject/Thundercases.v    ;         ;
; thunderbird.v                    ; yes             ; Auto-Found Verilog HDL File  ; C:/Users/dsica/OneDrive/Escritorio/Embedded/fpgaProjects/ThunderBirdProject/thunderbird.v     ;         ;
; clockdivider100.v                ; yes             ; Auto-Found Verilog HDL File  ; C:/Users/dsica/OneDrive/Escritorio/Embedded/fpgaProjects/ThunderBirdProject/clockdivider100.v ;         ;
+----------------------------------+-----------------+------------------------------+-----------------------------------------------------------------------------------------------+---------+


+------------------------------------------------------------------------------+
; Analysis & Synthesis Resource Usage Summary                                  ;
+---------------------------------------------+--------------------------------+
; Resource                                    ; Usage                          ;
+---------------------------------------------+--------------------------------+
; Estimated Total logic elements              ; 191                            ;
;                                             ;                                ;
; Total combinational functions               ; 189                            ;
; Logic element usage by number of LUT inputs ;                                ;
;     -- 4 input functions                    ; 26                             ;
;     -- 3 input functions                    ; 70                             ;
;     -- <=2 input functions                  ; 93                             ;
;                                             ;                                ;
; Logic elements by mode                      ;                                ;
;     -- normal mode                          ; 61                             ;
;     -- arithmetic mode                      ; 128                            ;
;                                             ;                                ;
; Total registers                             ; 82                             ;
;     -- Dedicated logic registers            ; 82                             ;
;     -- I/O registers                        ; 0                              ;
;                                             ;                                ;
; I/O pins                                    ; 118                            ;
;                                             ;                                ;
; Embedded Multiplier 9-bit elements          ; 0                              ;
;                                             ;                                ;
; Maximum fan-out node                        ; ClockDivider100:CLK_MUT|clk100 ;
; Maximum fan-out                             ; 53                             ;
; Total fan-out                               ; 905                            ;
; Average fan-out                             ; 1.72                           ;
+---------------------------------------------+--------------------------------+


+-----------------------------------------------------------------------------------------------------------------------------------------------------------------------------------------------------------------------------------------------------------+
; Analysis & Synthesis Resource Utilization by Entity                                                                                                                                                                                                       ;
+------------------------------+---------------------+---------------------------+-------------+------------+--------------+---------+-----------+------+--------------+------------+--------------------------------------+-----------------+--------------+
; Compilation Hierarchy Node   ; Combinational ALUTs ; Dedicated Logic Registers ; Memory Bits ; UFM Blocks ; DSP Elements ; DSP 9x9 ; DSP 18x18 ; Pins ; Virtual Pins ; ADC blocks ; Full Hierarchy Name                  ; Entity Name     ; Library Name ;
+------------------------------+---------------------+---------------------------+-------------+------------+--------------+---------+-----------+------+--------------+------------+--------------------------------------+-----------------+--------------+
; |ThunderBird                 ; 189 (56)            ; 82 (34)                   ; 0           ; 0          ; 0            ; 0       ; 0         ; 118  ; 0            ; 0          ; |ThunderBird                         ; ThunderBird     ; work         ;
;    |ClockDivider100:CLK_MUT| ; 105 (105)           ; 29 (29)                   ; 0           ; 0          ; 0            ; 0       ; 0         ; 0    ; 0            ; 0          ; |ThunderBird|ClockDivider100:CLK_MUT ; ClockDivider100 ; work         ;
;    |ThunderCases:Cases_MUT|  ; 28 (28)             ; 19 (19)                   ; 0           ; 0          ; 0            ; 0       ; 0         ; 0    ; 0            ; 0          ; |ThunderBird|ThunderCases:Cases_MUT  ; ThunderCases    ; work         ;
+------------------------------+---------------------+---------------------------+-------------+------------+--------------+---------+-----------+------+--------------+------------+--------------------------------------+-----------------+--------------+
Note: For table entries with two numbers listed, the numbers in parentheses indicate the number of resources of the given type used by the specific entity alone. The numbers listed outside of parentheses indicate the total resources of the given type used by the specific entity and all of its sub-entities in the hierarchy.


+------------------------------------------------------------------------------------+
; Registers Removed During Synthesis                                                 ;
+----------------------------------------+-------------------------------------------+
; Register name                          ; Reason for Removal                        ;
+----------------------------------------+-------------------------------------------+
; ThunderCases:Cases_MUT|a3[7]           ; Merged with ThunderCases:Cases_MUT|a5[0]  ;
; ThunderCases:Cases_MUT|a2[7]           ; Merged with ThunderCases:Cases_MUT|a5[0]  ;
; ThunderCases:Cases_MUT|a4[7]           ; Merged with ThunderCases:Cases_MUT|a5[0]  ;
; ThunderCases:Cases_MUT|a5[7]           ; Merged with ThunderCases:Cases_MUT|a5[0]  ;
; ThunderCases:Cases_MUT|a1[3]           ; Merged with ThunderCases:Cases_MUT|a5[0]  ;
; ThunderCases:Cases_MUT|a5[3]           ; Merged with ThunderCases:Cases_MUT|a5[0]  ;
; ThunderCases:Cases_MUT|a1[7]           ; Merged with ThunderCases:Cases_MUT|a5[0]  ;
; ThunderCases:Cases_MUT|a3[5]           ; Merged with ThunderCases:Cases_MUT|a5[0]  ;
; ThunderCases:Cases_MUT|a0[7]           ; Merged with ThunderCases:Cases_MUT|a5[0]  ;
; ThunderCases:Cases_MUT|a4[3]           ; Merged with ThunderCases:Cases_MUT|a5[0]  ;
; ThunderCases:Cases_MUT|a3[6]           ; Merged with ThunderCases:Cases_MUT|a5[1]  ;
; ThunderCases:Cases_MUT|a4[2]           ; Merged with ThunderCases:Cases_MUT|a5[1]  ;
; ThunderCases:Cases_MUT|a3[0,4]         ; Merged with ThunderCases:Cases_MUT|a5[1]  ;
; ThunderCases:Cases_MUT|a5[2,4,5]       ; Merged with ThunderCases:Cases_MUT|a5[1]  ;
; ThunderCases:Cases_MUT|a3[3]           ; Merged with ThunderCases:Cases_MUT|a5[1]  ;
; ThunderCases:Cases_MUT|a4[1]           ; Merged with ThunderCases:Cases_MUT|a5[1]  ;
; ThunderCases:Cases_MUT|a5[6]           ; Merged with ThunderCases:Cases_MUT|a5[1]  ;
; ThunderCases:Cases_MUT|a4[6]           ; Merged with ThunderCases:Cases_MUT|a5[1]  ;
; ThunderCases:Cases_MUT|a4[4,5]         ; Merged with ThunderCases:Cases_MUT|a4[0]  ;
; ThunderCases:Cases_MUT|a0[3,6]         ; Merged with ThunderCases:Cases_MUT|a3[1]  ;
; ThunderCases:Cases_MUT|a2[6]           ; Merged with ThunderCases:Cases_MUT|a3[1]  ;
; ThunderCases:Cases_MUT|a0[2]           ; Merged with ThunderCases:Cases_MUT|a2[0]  ;
; ThunderCases:Cases_MUT|a1[4]           ; Merged with ThunderCases:Cases_MUT|a2[0]  ;
; ThunderCases:Cases_MUT|a2[5]           ; Merged with ThunderCases:Cases_MUT|a2[0]  ;
; ThunderCases:Cases_MUT|a1[5]           ; Merged with ThunderCases:Cases_MUT|a2[0]  ;
; ThunderCases:Cases_MUT|a0[1]           ; Merged with ThunderCases:Cases_MUT|a2[0]  ;
; ThunderCases:Cases_MUT|a2[2]           ; Merged with ThunderCases:Cases_MUT|a2[1]  ;
; ThunderCases:Cases_MUT|a0[0,5]         ; Merged with ThunderCases:Cases_MUT|a1[1]  ;
; ThunderCases:Cases_MUT|LED[5]          ; Merged with ThunderCases:Cases_MUT|LED[4] ;
; ThunderCases:Cases_MUT|a5[0]           ; Stuck at GND due to stuck port data_in    ;
; ThunderCases:Cases_MUT|a3[1]           ; Stuck at VCC due to stuck port data_in    ;
; ThunderCases:Cases_MUT|LED[4]          ; Stuck at GND due to stuck port data_in    ;
; ThunderCases:Cases_MUT|a2[0]           ; Merged with ThunderCases:Cases_MUT|a1[1]  ;
; Total Number of Removed Registers = 39 ;                                           ;
+----------------------------------------+-------------------------------------------+


+------------------------------------------------------+
; General Register Statistics                          ;
+----------------------------------------------+-------+
; Statistic                                    ; Value ;
+----------------------------------------------+-------+
; Total registers                              ; 82    ;
; Number of registers using Synchronous Clear  ; 40    ;
; Number of registers using Synchronous Load   ; 0     ;
; Number of registers using Asynchronous Clear ; 0     ;
; Number of registers using Asynchronous Load  ; 0     ;
; Number of registers using Clock Enable       ; 39    ;
; Number of registers using Preset             ; 0     ;
+----------------------------------------------+-------+


+--------------------------------------------------+
; Inverted Register Statistics                     ;
+----------------------------------------+---------+
; Inverted Register                      ; Fan out ;
+----------------------------------------+---------+
; speed[18]                              ; 3       ;
; speed[17]                              ; 3       ;
; speed[16]                              ; 3       ;
; speed[15]                              ; 3       ;
; speed[13]                              ; 3       ;
; speed[8]                               ; 3       ;
; speed[5]                               ; 3       ;
; Total number of inverted registers = 7 ;         ;
+----------------------------------------+---------+


+----------------------------------------------------------------------------------------------------------------------------------------------------------+
; Multiplexer Restructuring Statistics (Restructuring Performed)                                                                                           ;
+--------------------+-----------+---------------+----------------------+------------------------+------------+--------------------------------------------+
; Multiplexer Inputs ; Bus Width ; Baseline Area ; Area if Restructured ; Saving if Restructured ; Registered ; Example Multiplexer Output                 ;
+--------------------+-----------+---------------+----------------------+------------------------+------------+--------------------------------------------+
; 5:1                ; 4 bits    ; 12 LEs        ; 8 LEs                ; 4 LEs                  ; Yes        ; |ThunderBird|ThunderCases:Cases_MUT|a1[0]  ;
; 5:1                ; 6 bits    ; 18 LEs        ; 12 LEs               ; 6 LEs                  ; Yes        ; |ThunderBird|ThunderCases:Cases_MUT|a2[4]  ;
; 8:1                ; 8 bits    ; 40 LEs        ; 8 LEs                ; 32 LEs                 ; Yes        ; |ThunderBird|counter[3]                    ;
; 15:1               ; 8 bits    ; 80 LEs        ; 64 LEs               ; 16 LEs                 ; Yes        ; |ThunderBird|ThunderCases:Cases_MUT|LED[0] ;
+--------------------+-----------+---------------+----------------------+------------------------+------------+--------------------------------------------+


+-----------------------------------------------------------------------------+
; Parameter Settings for User Entity Instance: Top-level Entity: |ThunderBird ;
+----------------+-------+----------------------------------------------------+
; Parameter Name ; Value ; Type                                               ;
+----------------+-------+----------------------------------------------------+
; idle           ; 00    ; Unsigned Binary                                    ;
; left           ; 01    ; Unsigned Binary                                    ;
; right          ; 10    ; Unsigned Binary                                    ;
; hazard         ; 11    ; Unsigned Binary                                    ;
+----------------+-------+----------------------------------------------------+
Note: In order to hide this table in the UI and the text report file, please set the "Show Parameter Settings in Synthesis Report" option in "Analysis and Synthesis Settings -> More Settings" to "Off".


+-----------------------------------------------------+
; Post-Synthesis Netlist Statistics for Top Partition ;
+-----------------------+-----------------------------+
; Type                  ; Count                       ;
+-----------------------+-----------------------------+
; boundary_port         ; 118                         ;
; cycloneiii_ff         ; 82                          ;
;     ENA               ; 27                          ;
;     ENA SCLR          ; 12                          ;
;     SCLR              ; 28                          ;
;     plain             ; 15                          ;
; cycloneiii_io_obuf    ; 18                          ;
; cycloneiii_lcell_comb ; 202                         ;
;     arith             ; 128                         ;
;         2 data inputs ; 65                          ;
;         3 data inputs ; 63                          ;
;     normal            ; 74                          ;
;         0 data inputs ; 3                           ;
;         1 data inputs ; 24                          ;
;         2 data inputs ; 14                          ;
;         3 data inputs ; 7                           ;
;         4 data inputs ; 26                          ;
;                       ;                             ;
; Max LUT depth         ; 5.40                        ;
; Average LUT depth     ; 3.32                        ;
+-----------------------+-----------------------------+


+-------------------------------+
; Elapsed Time Per Partition    ;
+----------------+--------------+
; Partition Name ; Elapsed Time ;
+----------------+--------------+
; Top            ; 00:00:03     ;
+----------------+--------------+


+-------------------------------+
; Analysis & Synthesis Messages ;
+-------------------------------+
Info: *******************************************************************
Info: Running Quartus Prime Analysis & Synthesis
    Info: Version 20.1.1 Build 720 11/11/2020 SJ Lite Edition
    Info: Processing started: Sun Nov 20 20:50:53 2022
Info: Command: quartus_map --read_settings_files=on --write_settings_files=off ThunderBird -c ThunderBird
Warning (18236): Number of processors has not been specified which may cause overloading on shared machines.  Set the global assignment NUM_PARALLEL_PROCESSORS in your QSF to an appropriate value for best performance.
Info (20030): Parallel compilation is enabled and will use 8 of the 8 processors detected
Info (12021): Found 1 design units, including 1 entities, in source file thundercases.v
    Info (12023): Found entity 1: ThunderCases File: C:/Users/dsica/OneDrive/Escritorio/Embedded/fpgaProjects/ThunderBirdProject/Thundercases.v Line: 1
Warning (12019): Can't analyze file -- file Label.v is missing
Info (12021): Found 1 design units, including 1 entities, in source file toletter.v
    Info (12023): Found entity 1: toLetter File: C:/Users/dsica/OneDrive/Escritorio/Embedded/fpgaProjects/ThunderBirdProject/toLetter.v Line: 1
Warning (12125): Using design file thunderbird.v, which is not specified as a design file for the current project, but contains definitions for 1 design units and 1 entities in project
    Info (12023): Found entity 1: ThunderBird File: C:/Users/dsica/OneDrive/Escritorio/Embedded/fpgaProjects/ThunderBirdProject/thunderbird.v Line: 6
Info (12127): Elaborating entity "ThunderBird" for the top level hierarchy
Warning (10230): Verilog HDL assignment warning at thunderbird.v(98): truncated value with size 32 to match size of target (28) File: C:/Users/dsica/OneDrive/Escritorio/Embedded/fpgaProjects/ThunderBirdProject/thunderbird.v Line: 98
Warning (10230): Verilog HDL assignment warning at thunderbird.v(100): truncated value with size 32 to match size of target (28) File: C:/Users/dsica/OneDrive/Escritorio/Embedded/fpgaProjects/ThunderBirdProject/thunderbird.v Line: 100
Warning (10230): Verilog HDL assignment warning at thunderbird.v(116): truncated value with size 32 to match size of target (8) File: C:/Users/dsica/OneDrive/Escritorio/Embedded/fpgaProjects/ThunderBirdProject/thunderbird.v Line: 116
Warning (10230): Verilog HDL assignment warning at thunderbird.v(127): truncated value with size 32 to match size of target (8) File: C:/Users/dsica/OneDrive/Escritorio/Embedded/fpgaProjects/ThunderBirdProject/thunderbird.v Line: 127
Warning (10230): Verilog HDL assignment warning at thunderbird.v(138): truncated value with size 32 to match size of target (8) File: C:/Users/dsica/OneDrive/Escritorio/Embedded/fpgaProjects/ThunderBirdProject/thunderbird.v Line: 138
Warning (10034): Output port "DRAM_ADDR" at thunderbird.v(14) has no driver File: C:/Users/dsica/OneDrive/Escritorio/Embedded/fpgaProjects/ThunderBirdProject/thunderbird.v Line: 14
Warning (10034): Output port "DRAM_BA" at thunderbird.v(15) has no driver File: C:/Users/dsica/OneDrive/Escritorio/Embedded/fpgaProjects/ThunderBirdProject/thunderbird.v Line: 15
Warning (10034): Output port "DRAM_CAS_N" at thunderbird.v(16) has no driver File: C:/Users/dsica/OneDrive/Escritorio/Embedded/fpgaProjects/ThunderBirdProject/thunderbird.v Line: 16
Warning (10034): Output port "DRAM_CKE" at thunderbird.v(17) has no driver File: C:/Users/dsica/OneDrive/Escritorio/Embedded/fpgaProjects/ThunderBirdProject/thunderbird.v Line: 17
Warning (10034): Output port "DRAM_CLK" at thunderbird.v(18) has no driver File: C:/Users/dsica/OneDrive/Escritorio/Embedded/fpgaProjects/ThunderBirdProject/thunderbird.v Line: 18
Warning (10034): Output port "DRAM_CS_N" at thunderbird.v(19) has no driver File: C:/Users/dsica/OneDrive/Escritorio/Embedded/fpgaProjects/ThunderBirdProject/thunderbird.v Line: 19
Warning (10034): Output port "DRAM_LDQM" at thunderbird.v(21) has no driver File: C:/Users/dsica/OneDrive/Escritorio/Embedded/fpgaProjects/ThunderBirdProject/thunderbird.v Line: 21
Warning (10034): Output port "DRAM_RAS_N" at thunderbird.v(22) has no driver File: C:/Users/dsica/OneDrive/Escritorio/Embedded/fpgaProjects/ThunderBirdProject/thunderbird.v Line: 22
Warning (10034): Output port "DRAM_UDQM" at thunderbird.v(23) has no driver File: C:/Users/dsica/OneDrive/Escritorio/Embedded/fpgaProjects/ThunderBirdProject/thunderbird.v Line: 23
Warning (10034): Output port "DRAM_WE_N" at thunderbird.v(24) has no driver File: C:/Users/dsica/OneDrive/Escritorio/Embedded/fpgaProjects/ThunderBirdProject/thunderbird.v Line: 24
Warning (10034): Output port "GSENSOR_CS_N" at thunderbird.v(44) has no driver File: C:/Users/dsica/OneDrive/Escritorio/Embedded/fpgaProjects/ThunderBirdProject/thunderbird.v Line: 44
Warning (10034): Output port "GSENSOR_SCLK" at thunderbird.v(46) has no driver File: C:/Users/dsica/OneDrive/Escritorio/Embedded/fpgaProjects/ThunderBirdProject/thunderbird.v Line: 46
Warning (12125): Using design file clockdivider100.v, which is not specified as a design file for the current project, but contains definitions for 1 design units and 1 entities in project
    Info (12023): Found entity 1: ClockDivider100 File: C:/Users/dsica/OneDrive/Escritorio/Embedded/fpgaProjects/ThunderBirdProject/clockdivider100.v Line: 1
Info (12128): Elaborating entity "ClockDivider100" for hierarchy "ClockDivider100:CLK_MUT" File: C:/Users/dsica/OneDrive/Escritorio/Embedded/fpgaProjects/ThunderBirdProject/thunderbird.v Line: 147
Info (12128): Elaborating entity "ThunderCases" for hierarchy "ThunderCases:Cases_MUT" File: C:/Users/dsica/OneDrive/Escritorio/Embedded/fpgaProjects/ThunderBirdProject/thunderbird.v Line: 149
Warning (13039): The following bidirectional pins have no drivers
    Warning (13040): bidirectional pin "DRAM_DQ[0]" has no driver File: C:/Users/dsica/OneDrive/Escritorio/Embedded/fpgaProjects/ThunderBirdProject/thunderbird.v Line: 20
    Warning (13040): bidirectional pin "DRAM_DQ[1]" has no driver File: C:/Users/dsica/OneDrive/Escritorio/Embedded/fpgaProjects/ThunderBirdProject/thunderbird.v Line: 20
    Warning (13040): bidirectional pin "DRAM_DQ[2]" has no driver File: C:/Users/dsica/OneDrive/Escritorio/Embedded/fpgaProjects/ThunderBirdProject/thunderbird.v Line: 20
    Warning (13040): bidirectional pin "DRAM_DQ[3]" has no driver File: C:/Users/dsica/OneDrive/Escritorio/Embedded/fpgaProjects/ThunderBirdProject/thunderbird.v Line: 20
    Warning (13040): bidirectional pin "DRAM_DQ[4]" has no driver File: C:/Users/dsica/OneDrive/Escritorio/Embedded/fpgaProjects/ThunderBirdProject/thunderbird.v Line: 20
    Warning (13040): bidirectional pin "DRAM_DQ[5]" has no driver File: C:/Users/dsica/OneDrive/Escritorio/Embedded/fpgaProjects/ThunderBirdProject/thunderbird.v Line: 20
    Warning (13040): bidirectional pin "DRAM_DQ[6]" has no driver File: C:/Users/dsica/OneDrive/Escritorio/Embedded/fpgaProjects/ThunderBirdProject/thunderbird.v Line: 20
    Warning (13040): bidirectional pin "DRAM_DQ[7]" has no driver File: C:/Users/dsica/OneDrive/Escritorio/Embedded/fpgaProjects/ThunderBirdProject/thunderbird.v Line: 20
    Warning (13040): bidirectional pin "DRAM_DQ[8]" has no driver File: C:/Users/dsica/OneDrive/Escritorio/Embedded/fpgaProjects/ThunderBirdProject/thunderbird.v Line: 20
    Warning (13040): bidirectional pin "DRAM_DQ[9]" has no driver File: C:/Users/dsica/OneDrive/Escritorio/Embedded/fpgaProjects/ThunderBirdProject/thunderbird.v Line: 20
    Warning (13040): bidirectional pin "DRAM_DQ[10]" has no driver File: C:/Users/dsica/OneDrive/Escritorio/Embedded/fpgaProjects/ThunderBirdProject/thunderbird.v Line: 20
    Warning (13040): bidirectional pin "DRAM_DQ[11]" has no driver File: C:/Users/dsica/OneDrive/Escritorio/Embedded/fpgaProjects/ThunderBirdProject/thunderbird.v Line: 20
    Warning (13040): bidirectional pin "DRAM_DQ[12]" has no driver File: C:/Users/dsica/OneDrive/Escritorio/Embedded/fpgaProjects/ThunderBirdProject/thunderbird.v Line: 20
    Warning (13040): bidirectional pin "DRAM_DQ[13]" has no driver File: C:/Users/dsica/OneDrive/Escritorio/Embedded/fpgaProjects/ThunderBirdProject/thunderbird.v Line: 20
    Warning (13040): bidirectional pin "DRAM_DQ[14]" has no driver File: C:/Users/dsica/OneDrive/Escritorio/Embedded/fpgaProjects/ThunderBirdProject/thunderbird.v Line: 20
    Warning (13040): bidirectional pin "DRAM_DQ[15]" has no driver File: C:/Users/dsica/OneDrive/Escritorio/Embedded/fpgaProjects/ThunderBirdProject/thunderbird.v Line: 20
    Warning (13040): bidirectional pin "GSENSOR_SDI" has no driver File: C:/Users/dsica/OneDrive/Escritorio/Embedded/fpgaProjects/ThunderBirdProject/thunderbird.v Line: 47
    Warning (13040): bidirectional pin "GSENSOR_SDO" has no driver File: C:/Users/dsica/OneDrive/Escritorio/Embedded/fpgaProjects/ThunderBirdProject/thunderbird.v Line: 49
Warning (13024): Output pins are stuck at VCC or GND
    Warning (13410): Pin "DRAM_ADDR[0]" is stuck at GND File: C:/Users/dsica/OneDrive/Escritorio/Embedded/fpgaProjects/ThunderBirdProject/thunderbird.v Line: 14
    Warning (13410): Pin "DRAM_ADDR[1]" is stuck at GND File: C:/Users/dsica/OneDrive/Escritorio/Embedded/fpgaProjects/ThunderBirdProject/thunderbird.v Line: 14
    Warning (13410): Pin "DRAM_ADDR[2]" is stuck at GND File: C:/Users/dsica/OneDrive/Escritorio/Embedded/fpgaProjects/ThunderBirdProject/thunderbird.v Line: 14
    Warning (13410): Pin "DRAM_ADDR[3]" is stuck at GND File: C:/Users/dsica/OneDrive/Escritorio/Embedded/fpgaProjects/ThunderBirdProject/thunderbird.v Line: 14
    Warning (13410): Pin "DRAM_ADDR[4]" is stuck at GND File: C:/Users/dsica/OneDrive/Escritorio/Embedded/fpgaProjects/ThunderBirdProject/thunderbird.v Line: 14
    Warning (13410): Pin "DRAM_ADDR[5]" is stuck at GND File: C:/Users/dsica/OneDrive/Escritorio/Embedded/fpgaProjects/ThunderBirdProject/thunderbird.v Line: 14
    Warning (13410): Pin "DRAM_ADDR[6]" is stuck at GND File: C:/Users/dsica/OneDrive/Escritorio/Embedded/fpgaProjects/ThunderBirdProject/thunderbird.v Line: 14
    Warning (13410): Pin "DRAM_ADDR[7]" is stuck at GND File: C:/Users/dsica/OneDrive/Escritorio/Embedded/fpgaProjects/ThunderBirdProject/thunderbird.v Line: 14
    Warning (13410): Pin "DRAM_ADDR[8]" is stuck at GND File: C:/Users/dsica/OneDrive/Escritorio/Embedded/fpgaProjects/ThunderBirdProject/thunderbird.v Line: 14
    Warning (13410): Pin "DRAM_ADDR[9]" is stuck at GND File: C:/Users/dsica/OneDrive/Escritorio/Embedded/fpgaProjects/ThunderBirdProject/thunderbird.v Line: 14
    Warning (13410): Pin "DRAM_ADDR[10]" is stuck at GND File: C:/Users/dsica/OneDrive/Escritorio/Embedded/fpgaProjects/ThunderBirdProject/thunderbird.v Line: 14
    Warning (13410): Pin "DRAM_ADDR[11]" is stuck at GND File: C:/Users/dsica/OneDrive/Escritorio/Embedded/fpgaProjects/ThunderBirdProject/thunderbird.v Line: 14
    Warning (13410): Pin "DRAM_ADDR[12]" is stuck at GND File: C:/Users/dsica/OneDrive/Escritorio/Embedded/fpgaProjects/ThunderBirdProject/thunderbird.v Line: 14
    Warning (13410): Pin "DRAM_BA[0]" is stuck at GND File: C:/Users/dsica/OneDrive/Escritorio/Embedded/fpgaProjects/ThunderBirdProject/thunderbird.v Line: 15
    Warning (13410): Pin "DRAM_BA[1]" is stuck at GND File: C:/Users/dsica/OneDrive/Escritorio/Embedded/fpgaProjects/ThunderBirdProject/thunderbird.v Line: 15
    Warning (13410): Pin "DRAM_CAS_N" is stuck at GND File: C:/Users/dsica/OneDrive/Escritorio/Embedded/fpgaProjects/ThunderBirdProject/thunderbird.v Line: 16
    Warning (13410): Pin "DRAM_CKE" is stuck at GND File: C:/Users/dsica/OneDrive/Escritorio/Embedded/fpgaProjects/ThunderBirdProject/thunderbird.v Line: 17
    Warning (13410): Pin "DRAM_CLK" is stuck at GND File: C:/Users/dsica/OneDrive/Escritorio/Embedded/fpgaProjects/ThunderBirdProject/thunderbird.v Line: 18
    Warning (13410): Pin "DRAM_CS_N" is stuck at GND File: C:/Users/dsica/OneDrive/Escritorio/Embedded/fpgaProjects/ThunderBirdProject/thunderbird.v Line: 19
    Warning (13410): Pin "DRAM_LDQM" is stuck at GND File: C:/Users/dsica/OneDrive/Escritorio/Embedded/fpgaProjects/ThunderBirdProject/thunderbird.v Line: 21
    Warning (13410): Pin "DRAM_RAS_N" is stuck at GND File: C:/Users/dsica/OneDrive/Escritorio/Embedded/fpgaProjects/ThunderBirdProject/thunderbird.v Line: 22
    Warning (13410): Pin "DRAM_UDQM" is stuck at GND File: C:/Users/dsica/OneDrive/Escritorio/Embedded/fpgaProjects/ThunderBirdProject/thunderbird.v Line: 23
    Warning (13410): Pin "DRAM_WE_N" is stuck at GND File: C:/Users/dsica/OneDrive/Escritorio/Embedded/fpgaProjects/ThunderBirdProject/thunderbird.v Line: 24
    Warning (13410): Pin "HEX0[3]" is stuck at GND File: C:/Users/dsica/OneDrive/Escritorio/Embedded/fpgaProjects/ThunderBirdProject/thunderbird.v Line: 27
    Warning (13410): Pin "HEX0[6]" is stuck at GND File: C:/Users/dsica/OneDrive/Escritorio/Embedded/fpgaProjects/ThunderBirdProject/thunderbird.v Line: 27
    Warning (13410): Pin "HEX0[7]" is stuck at VCC File: C:/Users/dsica/OneDrive/Escritorio/Embedded/fpgaProjects/ThunderBirdProject/thunderbird.v Line: 27
    Warning (13410): Pin "HEX1[3]" is stuck at VCC File: C:/Users/dsica/OneDrive/Escritorio/Embedded/fpgaProjects/ThunderBirdProject/thunderbird.v Line: 28
    Warning (13410): Pin "HEX1[7]" is stuck at VCC File: C:/Users/dsica/OneDrive/Escritorio/Embedded/fpgaProjects/ThunderBirdProject/thunderbird.v Line: 28
    Warning (13410): Pin "HEX2[6]" is stuck at GND File: C:/Users/dsica/OneDrive/Escritorio/Embedded/fpgaProjects/ThunderBirdProject/thunderbird.v Line: 29
    Warning (13410): Pin "HEX2[7]" is stuck at VCC File: C:/Users/dsica/OneDrive/Escritorio/Embedded/fpgaProjects/ThunderBirdProject/thunderbird.v Line: 29
    Warning (13410): Pin "HEX3[1]" is stuck at GND File: C:/Users/dsica/OneDrive/Escritorio/Embedded/fpgaProjects/ThunderBirdProject/thunderbird.v Line: 30
    Warning (13410): Pin "HEX3[5]" is stuck at VCC File: C:/Users/dsica/OneDrive/Escritorio/Embedded/fpgaProjects/ThunderBirdProject/thunderbird.v Line: 30
    Warning (13410): Pin "HEX3[7]" is stuck at VCC File: C:/Users/dsica/OneDrive/Escritorio/Embedded/fpgaProjects/ThunderBirdProject/thunderbird.v Line: 30
    Warning (13410): Pin "HEX4[3]" is stuck at VCC File: C:/Users/dsica/OneDrive/Escritorio/Embedded/fpgaProjects/ThunderBirdProject/thunderbird.v Line: 31
    Warning (13410): Pin "HEX4[7]" is stuck at VCC File: C:/Users/dsica/OneDrive/Escritorio/Embedded/fpgaProjects/ThunderBirdProject/thunderbird.v Line: 31
    Warning (13410): Pin "HEX5[0]" is stuck at VCC File: C:/Users/dsica/OneDrive/Escritorio/Embedded/fpgaProjects/ThunderBirdProject/thunderbird.v Line: 32
    Warning (13410): Pin "HEX5[3]" is stuck at VCC File: C:/Users/dsica/OneDrive/Escritorio/Embedded/fpgaProjects/ThunderBirdProject/thunderbird.v Line: 32
    Warning (13410): Pin "HEX5[7]" is stuck at VCC File: C:/Users/dsica/OneDrive/Escritorio/Embedded/fpgaProjects/ThunderBirdProject/thunderbird.v Line: 32
    Warning (13410): Pin "LEDR[4]" is stuck at GND File: C:/Users/dsica/OneDrive/Escritorio/Embedded/fpgaProjects/ThunderBirdProject/thunderbird.v Line: 38
    Warning (13410): Pin "LEDR[5]" is stuck at GND File: C:/Users/dsica/OneDrive/Escritorio/Embedded/fpgaProjects/ThunderBirdProject/thunderbird.v Line: 38
    Warning (13410): Pin "GSENSOR_CS_N" is stuck at GND File: C:/Users/dsica/OneDrive/Escritorio/Embedded/fpgaProjects/ThunderBirdProject/thunderbird.v Line: 44
    Warning (13410): Pin "GSENSOR_SCLK" is stuck at GND File: C:/Users/dsica/OneDrive/Escritorio/Embedded/fpgaProjects/ThunderBirdProject/thunderbird.v Line: 46
Info (286030): Timing-Driven Synthesis is running
Info (144001): Generated suppressed messages file C:/Users/dsica/OneDrive/Escritorio/Embedded/fpgaProjects/ThunderBirdProject/ThunderBird.map.smsg
Info (16010): Generating hard_block partition "hard_block:auto_generated_inst"
    Info (16011): Adding 0 node(s), including 0 DDIO, 0 PLL, 0 transceiver and 0 LCELL
Warning (21074): Design contains 10 input pin(s) that do not drive logic
    Warning (15610): No output dependent on input pin "ADC_CLK_10" File: C:/Users/dsica/OneDrive/Escritorio/Embedded/fpgaProjects/ThunderBirdProject/thunderbird.v Line: 9
    Warning (15610): No output dependent on input pin "MAX10_CLK2_50" File: C:/Users/dsica/OneDrive/Escritorio/Embedded/fpgaProjects/ThunderBirdProject/thunderbird.v Line: 11
    Warning (15610): No output dependent on input pin "SW[4]" File: C:/Users/dsica/OneDrive/Escritorio/Embedded/fpgaProjects/ThunderBirdProject/thunderbird.v Line: 41
    Warning (15610): No output dependent on input pin "SW[5]" File: C:/Users/dsica/OneDrive/Escritorio/Embedded/fpgaProjects/ThunderBirdProject/thunderbird.v Line: 41
    Warning (15610): No output dependent on input pin "SW[6]" File: C:/Users/dsica/OneDrive/Escritorio/Embedded/fpgaProjects/ThunderBirdProject/thunderbird.v Line: 41
    Warning (15610): No output dependent on input pin "SW[7]" File: C:/Users/dsica/OneDrive/Escritorio/Embedded/fpgaProjects/ThunderBirdProject/thunderbird.v Line: 41
    Warning (15610): No output dependent on input pin "SW[8]" File: C:/Users/dsica/OneDrive/Escritorio/Embedded/fpgaProjects/ThunderBirdProject/thunderbird.v Line: 41
    Warning (15610): No output dependent on input pin "SW[9]" File: C:/Users/dsica/OneDrive/Escritorio/Embedded/fpgaProjects/ThunderBirdProject/thunderbird.v Line: 41
    Warning (15610): No output dependent on input pin "GSENSOR_INT[1]" File: C:/Users/dsica/OneDrive/Escritorio/Embedded/fpgaProjects/ThunderBirdProject/thunderbird.v Line: 45
    Warning (15610): No output dependent on input pin "GSENSOR_INT[2]" File: C:/Users/dsica/OneDrive/Escritorio/Embedded/fpgaProjects/ThunderBirdProject/thunderbird.v Line: 45
Info (21057): Implemented 311 device resources after synthesis - the final resource count might be different
    Info (21058): Implemented 17 input pins
    Info (21059): Implemented 83 output pins
    Info (21060): Implemented 18 bidirectional pins
    Info (21061): Implemented 193 logic cells
Info: Quartus Prime Analysis & Synthesis was successful. 0 errors, 94 warnings
    Info: Peak virtual memory: 4801 megabytes
    Info: Processing ended: Sun Nov 20 20:51:21 2022
    Info: Elapsed time: 00:00:28
    Info: Total CPU time (on all processors): 00:01:01


+------------------------------------------+
; Analysis & Synthesis Suppressed Messages ;
+------------------------------------------+
The suppressed messages can be found in C:/Users/dsica/OneDrive/Escritorio/Embedded/fpgaProjects/ThunderBirdProject/ThunderBird.map.smsg.


