Analysis & Synthesis report for RockPaperScissor
Sun Dec 11 20:50:27 2022
Quartus Prime Version 20.1.1 Build 720 11/11/2020 SJ Lite Edition


---------------------
; Table of Contents ;
---------------------
  1. Legal Notice
  2. Analysis & Synthesis Summary
  3. Analysis & Synthesis Settings
  4. Parallel Compilation
  5. Analysis & Synthesis Source Files Read
  6. Analysis & Synthesis Resource Usage Summary
  7. Analysis & Synthesis Resource Utilization by Entity
  8. Registers Removed During Synthesis
  9. General Register Statistics
 10. Multiplexer Restructuring Statistics (Restructuring Performed)
 11. Parameter Settings for User Entity Instance: Top-level Entity: |RockPaperScissor
 12. Parameter Settings for User Entity Instance: ClockDivider100:CLK_MUT
 13. Post-Synthesis Netlist Statistics for Top Partition
 14. Elapsed Time Per Partition
 15. Analysis & Synthesis Messages



----------------
; Legal Notice ;
----------------
Copyright (C) 2020  Intel Corporation. All rights reserved.
Your use of Intel Corporation's design tools, logic functions 
and other software and tools, and any partner logic 
functions, and any output files from any of the foregoing 
(including device programming or simulation files), and any 
associated documentation or information are expressly subject 
to the terms and conditions of the Intel Program License 
Subscription Agreement, the Intel Quartus Prime License Agreement,
the Intel FPGA IP License Agreement, or other applicable license
agreement, including, without limitation, that your use is for
the sole purpose of programming logic devices manufactured by
Intel and sold by Intel or its authorized distributors.  Please
refer to the applicable agreement for further details, at
https://fpgasoftware.intel.com/eula.



+----------------------------------------------------------------------------------+
; Analysis & Synthesis Summary                                                     ;
+------------------------------------+---------------------------------------------+
; Analysis & Synthesis Status        ; Successful - Sun Dec 11 20:50:27 2022       ;
; Quartus Prime Version              ; 20.1.1 Build 720 11/11/2020 SJ Lite Edition ;
; Revision Name                      ; RockPaperScissor                            ;
; Top-level Entity Name              ; RockPaperScissor                            ;
; Family                             ; MAX 10                                      ;
; Total logic elements               ; 297                                         ;
;     Total combinational functions  ; 297                                         ;
;     Dedicated logic registers      ; 115                                         ;
; Total registers                    ; 115                                         ;
; Total pins                         ; 129                                         ;
; Total virtual pins                 ; 0                                           ;
; Total memory bits                  ; 0                                           ;
; Embedded Multiplier 9-bit elements ; 0                                           ;
; Total PLLs                         ; 0                                           ;
; UFM blocks                         ; 0                                           ;
; ADC blocks                         ; 0                                           ;
+------------------------------------+---------------------------------------------+


+------------------------------------------------------------------------------------------------------------+
; Analysis & Synthesis Settings                                                                              ;
+------------------------------------------------------------------+--------------------+--------------------+
; Option                                                           ; Setting            ; Default Value      ;
+------------------------------------------------------------------+--------------------+--------------------+
; Device                                                           ; 10M50DAF484C7G     ;                    ;
; Top-level entity name                                            ; RockPaperScissor   ; RockPaperScissor   ;
; Family name                                                      ; MAX 10 FPGA        ; Cyclone V          ;
; Use smart compilation                                            ; Off                ; Off                ;
; Enable parallel Assembler and Timing Analyzer during compilation ; On                 ; On                 ;
; Enable compact report table                                      ; Off                ; Off                ;
; Restructure Multiplexers                                         ; Auto               ; Auto               ;
; Create Debugging Nodes for IP Cores                              ; Off                ; Off                ;
; Preserve fewer node names                                        ; On                 ; On                 ;
; Intel FPGA IP Evaluation Mode                                    ; Enable             ; Enable             ;
; Verilog Version                                                  ; Verilog_2001       ; Verilog_2001       ;
; VHDL Version                                                     ; VHDL_1993          ; VHDL_1993          ;
; State Machine Processing                                         ; Auto               ; Auto               ;
; Safe State Machine                                               ; Off                ; Off                ;
; Extract Verilog State Machines                                   ; On                 ; On                 ;
; Extract VHDL State Machines                                      ; On                 ; On                 ;
; Ignore Verilog initial constructs                                ; Off                ; Off                ;
; Iteration limit for constant Verilog loops                       ; 5000               ; 5000               ;
; Iteration limit for non-constant Verilog loops                   ; 250                ; 250                ;
; Add Pass-Through Logic to Inferred RAMs                          ; On                 ; On                 ;
; Infer RAMs from Raw Logic                                        ; On                 ; On                 ;
; Parallel Synthesis                                               ; On                 ; On                 ;
; DSP Block Balancing                                              ; Auto               ; Auto               ;
; NOT Gate Push-Back                                               ; On                 ; On                 ;
; Power-Up Don't Care                                              ; On                 ; On                 ;
; Remove Redundant Logic Cells                                     ; Off                ; Off                ;
; Remove Duplicate Registers                                       ; On                 ; On                 ;
; Ignore CARRY Buffers                                             ; Off                ; Off                ;
; Ignore CASCADE Buffers                                           ; Off                ; Off                ;
; Ignore GLOBAL Buffers                                            ; Off                ; Off                ;
; Ignore ROW GLOBAL Buffers                                        ; Off                ; Off                ;
; Ignore LCELL Buffers                                             ; Off                ; Off                ;
; Ignore SOFT Buffers                                              ; On                 ; On                 ;
; Limit AHDL Integers to 32 Bits                                   ; Off                ; Off                ;
; Optimization Technique                                           ; Balanced           ; Balanced           ;
; Carry Chain Length                                               ; 70                 ; 70                 ;
; Auto Carry Chains                                                ; On                 ; On                 ;
; Auto Open-Drain Pins                                             ; On                 ; On                 ;
; Perform WYSIWYG Primitive Resynthesis                            ; Off                ; Off                ;
; Auto ROM Replacement                                             ; On                 ; On                 ;
; Auto RAM Replacement                                             ; On                 ; On                 ;
; Auto DSP Block Replacement                                       ; On                 ; On                 ;
; Auto Shift Register Replacement                                  ; Auto               ; Auto               ;
; Allow Shift Register Merging across Hierarchies                  ; Auto               ; Auto               ;
; Auto Clock Enable Replacement                                    ; On                 ; On                 ;
; Strict RAM Replacement                                           ; Off                ; Off                ;
; Allow Synchronous Control Signals                                ; On                 ; On                 ;
; Force Use of Synchronous Clear Signals                           ; Off                ; Off                ;
; Auto RAM Block Balancing                                         ; On                 ; On                 ;
; Auto RAM to Logic Cell Conversion                                ; Off                ; Off                ;
; Auto Resource Sharing                                            ; Off                ; Off                ;
; Allow Any RAM Size For Recognition                               ; Off                ; Off                ;
; Allow Any ROM Size For Recognition                               ; Off                ; Off                ;
; Allow Any Shift Register Size For Recognition                    ; Off                ; Off                ;
; Use LogicLock Constraints during Resource Balancing              ; On                 ; On                 ;
; Ignore translate_off and synthesis_off directives                ; Off                ; Off                ;
; Timing-Driven Synthesis                                          ; On                 ; On                 ;
; Report Parameter Settings                                        ; On                 ; On                 ;
; Report Source Assignments                                        ; On                 ; On                 ;
; Report Connectivity Checks                                       ; On                 ; On                 ;
; Ignore Maximum Fan-Out Assignments                               ; Off                ; Off                ;
; Synchronization Register Chain Length                            ; 2                  ; 2                  ;
; Power Optimization During Synthesis                              ; Normal compilation ; Normal compilation ;
; HDL message level                                                ; Level2             ; Level2             ;
; Suppress Register Optimization Related Messages                  ; Off                ; Off                ;
; Number of Removed Registers Reported in Synthesis Report         ; 5000               ; 5000               ;
; Number of Swept Nodes Reported in Synthesis Report               ; 5000               ; 5000               ;
; Number of Inverted Registers Reported in Synthesis Report        ; 100                ; 100                ;
; Clock MUX Protection                                             ; On                 ; On                 ;
; Auto Gated Clock Conversion                                      ; Off                ; Off                ;
; Block Design Naming                                              ; Auto               ; Auto               ;
; SDC constraint protection                                        ; Off                ; Off                ;
; Synthesis Effort                                                 ; Auto               ; Auto               ;
; Shift Register Replacement - Allow Asynchronous Clear Signal     ; On                 ; On                 ;
; Pre-Mapping Resynthesis Optimization                             ; Off                ; Off                ;
; Analysis & Synthesis Message Level                               ; Medium             ; Medium             ;
; Disable Register Merging Across Hierarchies                      ; Auto               ; Auto               ;
; Resource Aware Inference For Block RAM                           ; On                 ; On                 ;
+------------------------------------------------------------------+--------------------+--------------------+


+------------------------------------------+
; Parallel Compilation                     ;
+----------------------------+-------------+
; Processors                 ; Number      ;
+----------------------------+-------------+
; Number detected on machine ; 8           ;
; Maximum allowed            ; 8           ;
;                            ;             ;
; Average used               ; 1.00        ;
; Maximum used               ; 8           ;
;                            ;             ;
; Usage by Processor         ; % Time Used ;
;     Processor 1            ; 100.0%      ;
;     Processors 2-8         ;   0.0%      ;
+----------------------------+-------------+


+-------------------------------------------------------------------------------------------------------------------------------------------------------------------------------------------------+
; Analysis & Synthesis Source Files Read                                                                                                                                                          ;
+----------------------------------+-----------------+------------------------------+---------------------------------------------------------------------------------------------------+---------+
; File Name with User-Entered Path ; Used in Netlist ; File Type                    ; File Name with Absolute Path                                                                      ; Library ;
+----------------------------------+-----------------+------------------------------+---------------------------------------------------------------------------------------------------+---------+
; RockPaperScissorCases.v          ; yes             ; User Verilog HDL File        ; C:/Users/dsica/OneDrive/Escritorio/Embedded/fpgaProjects/RockPaperScissor/RockPaperScissorCases.v ;         ;
; rockpaperscissor.v               ; yes             ; Auto-Found Verilog HDL File  ; C:/Users/dsica/OneDrive/Escritorio/Embedded/fpgaProjects/RockPaperScissor/rockpaperscissor.v      ;         ;
; clockdivider100.v                ; yes             ; Auto-Found Verilog HDL File  ; C:/Users/dsica/OneDrive/Escritorio/Embedded/fpgaProjects/RockPaperScissor/clockdivider100.v       ;         ;
+----------------------------------+-----------------+------------------------------+---------------------------------------------------------------------------------------------------+---------+


+------------------------------------------------------------------------------+
; Analysis & Synthesis Resource Usage Summary                                  ;
+---------------------------------------------+--------------------------------+
; Resource                                    ; Usage                          ;
+---------------------------------------------+--------------------------------+
; Estimated Total logic elements              ; 297                            ;
;                                             ;                                ;
; Total combinational functions               ; 297                            ;
; Logic element usage by number of LUT inputs ;                                ;
;     -- 4 input functions                    ; 166                            ;
;     -- 3 input functions                    ; 46                             ;
;     -- <=2 input functions                  ; 85                             ;
;                                             ;                                ;
; Logic elements by mode                      ;                                ;
;     -- normal mode                          ; 248                            ;
;     -- arithmetic mode                      ; 49                             ;
;                                             ;                                ;
; Total registers                             ; 115                            ;
;     -- Dedicated logic registers            ; 115                            ;
;     -- I/O registers                        ; 0                              ;
;                                             ;                                ;
; I/O pins                                    ; 129                            ;
;                                             ;                                ;
; Embedded Multiplier 9-bit elements          ; 0                              ;
;                                             ;                                ;
; Maximum fan-out node                        ; ClockDivider100:CLK_MUT|clk100 ;
; Maximum fan-out                             ; 86                             ;
; Total fan-out                               ; 1573                           ;
; Average fan-out                             ; 2.24                           ;
+---------------------------------------------+--------------------------------+


+--------------------------------------------------------------------------------------------------------------------------------------------------------------------------------------------------------------------------------------------------------------------------------------+
; Analysis & Synthesis Resource Utilization by Entity                                                                                                                                                                                                                                  ;
+--------------------------------------+---------------------+---------------------------+-------------+------------+--------------+---------+-----------+------+--------------+------------+---------------------------------------------------+-----------------------+--------------+
; Compilation Hierarchy Node           ; Combinational ALUTs ; Dedicated Logic Registers ; Memory Bits ; UFM Blocks ; DSP Elements ; DSP 9x9 ; DSP 18x18 ; Pins ; Virtual Pins ; ADC blocks ; Full Hierarchy Name                               ; Entity Name           ; Library Name ;
+--------------------------------------+---------------------+---------------------------+-------------+------------+--------------+---------+-----------+------+--------------+------------+---------------------------------------------------+-----------------------+--------------+
; |RockPaperScissor                    ; 297 (119)           ; 115 (40)                  ; 0           ; 0          ; 0            ; 0       ; 0         ; 129  ; 0            ; 0          ; |RockPaperScissor                                 ; RockPaperScissor      ; work         ;
;    |ClockDivider100:CLK_MUT|         ; 43 (43)             ; 29 (29)                   ; 0           ; 0          ; 0            ; 0       ; 0         ; 0    ; 0            ; 0          ; |RockPaperScissor|ClockDivider100:CLK_MUT         ; ClockDivider100       ; work         ;
;    |RockPaperScissorCases:Cases_MUT| ; 135 (135)           ; 46 (46)                   ; 0           ; 0          ; 0            ; 0       ; 0         ; 0    ; 0            ; 0          ; |RockPaperScissor|RockPaperScissorCases:Cases_MUT ; RockPaperScissorCases ; work         ;
+--------------------------------------+---------------------+---------------------------+-------------+------------+--------------+---------+-----------+------+--------------+------------+---------------------------------------------------+-----------------------+--------------+
Note: For table entries with two numbers listed, the numbers in parentheses indicate the number of resources of the given type used by the specific entity alone. The numbers listed outside of parentheses indicate the total resources of the given type used by the specific entity and all of its sub-entities in the hierarchy.


+---------------------------------------------------------------------------------------------+
; Registers Removed During Synthesis                                                          ;
+-----------------------------------------+---------------------------------------------------+
; Register name                           ; Reason for Removal                                ;
+-----------------------------------------+---------------------------------------------------+
; RockPaperScissorCases:Cases_MUT|a5[2,6] ; Merged with RockPaperScissorCases:Cases_MUT|a5[0] ;
; RockPaperScissorCases:Cases_MUT|a4[7]   ; Merged with RockPaperScissorCases:Cases_MUT|a5[1] ;
; RockPaperScissorCases:Cases_MUT|a3[7]   ; Merged with RockPaperScissorCases:Cases_MUT|a5[1] ;
; RockPaperScissorCases:Cases_MUT|a1[7]   ; Merged with RockPaperScissorCases:Cases_MUT|a5[1] ;
; RockPaperScissorCases:Cases_MUT|a5[7]   ; Merged with RockPaperScissorCases:Cases_MUT|a5[1] ;
; RockPaperScissorCases:Cases_MUT|a5[5]   ; Merged with RockPaperScissorCases:Cases_MUT|a5[3] ;
; RockPaperScissorCases:Cases_MUT|a4[5]   ; Merged with RockPaperScissorCases:Cases_MUT|a4[0] ;
; RockPaperScissorCases:Cases_MUT|a1[5]   ; Merged with RockPaperScissorCases:Cases_MUT|a1[0] ;
; RockPaperScissorCases:Cases_MUT|a5[1]   ; Stuck at GND due to stuck port data_in            ;
; RockPaperScissorCases:Cases_MUT|a0[7]   ; Stuck at GND due to stuck port data_in            ;
; RockPaperScissorCases:Cases_MUT|a2[7]   ; Stuck at GND due to stuck port data_in            ;
; Total Number of Removed Registers = 12  ;                                                   ;
+-----------------------------------------+---------------------------------------------------+


+------------------------------------------------------+
; General Register Statistics                          ;
+----------------------------------------------+-------+
; Statistic                                    ; Value ;
+----------------------------------------------+-------+
; Total registers                              ; 115   ;
; Number of registers using Synchronous Clear  ; 58    ;
; Number of registers using Synchronous Load   ; 21    ;
; Number of registers using Asynchronous Clear ; 0     ;
; Number of registers using Asynchronous Load  ; 0     ;
; Number of registers using Clock Enable       ; 73    ;
; Number of registers using Preset             ; 0     ;
+----------------------------------------------+-------+


+-----------------------------------------------------------------------------------------------------------------------------------------------------------------------+
; Multiplexer Restructuring Statistics (Restructuring Performed)                                                                                                        ;
+--------------------+-----------+---------------+----------------------+------------------------+------------+---------------------------------------------------------+
; Multiplexer Inputs ; Bus Width ; Baseline Area ; Area if Restructured ; Saving if Restructured ; Registered ; Example Multiplexer Output                              ;
+--------------------+-----------+---------------+----------------------+------------------------+------------+---------------------------------------------------------+
; 3:1                ; 4 bits    ; 8 LEs         ; 4 LEs                ; 4 LEs                  ; Yes        ; |RockPaperScissor|losses[0]                             ;
; 3:1                ; 4 bits    ; 8 LEs         ; 4 LEs                ; 4 LEs                  ; Yes        ; |RockPaperScissor|wins[0]                               ;
; 6:1                ; 3 bits    ; 12 LEs        ; 9 LEs                ; 3 LEs                  ; Yes        ; |RockPaperScissor|choice[2]                             ;
; 9:1                ; 14 bits   ; 84 LEs        ; 56 LEs               ; 28 LEs                 ; Yes        ; |RockPaperScissor|RockPaperScissorCases:Cases_MUT|a1[4] ;
; 8:1                ; 7 bits    ; 35 LEs        ; 28 LEs               ; 7 LEs                  ; Yes        ; |RockPaperScissor|RockPaperScissorCases:Cases_MUT|a3[5] ;
; 24:1               ; 2 bits    ; 32 LEs        ; 18 LEs               ; 14 LEs                 ; Yes        ; |RockPaperScissor|RockPaperScissorCases:Cases_MUT|a0[5] ;
; 24:1               ; 3 bits    ; 48 LEs        ; 30 LEs               ; 18 LEs                 ; Yes        ; |RockPaperScissor|RockPaperScissorCases:Cases_MUT|a0[3] ;
; 24:1               ; 3 bits    ; 48 LEs        ; 30 LEs               ; 18 LEs                 ; Yes        ; |RockPaperScissor|RockPaperScissorCases:Cases_MUT|a2[3] ;
; 24:1               ; 2 bits    ; 32 LEs        ; 16 LEs               ; 16 LEs                 ; Yes        ; |RockPaperScissor|RockPaperScissorCases:Cases_MUT|a0[2] ;
; 24:1               ; 3 bits    ; 48 LEs        ; 27 LEs               ; 21 LEs                 ; Yes        ; |RockPaperScissor|RockPaperScissorCases:Cases_MUT|a2[5] ;
; 41:1               ; 2 bits    ; 54 LEs        ; 26 LEs               ; 28 LEs                 ; Yes        ; |RockPaperScissor|score[0]                              ;
; 15:1               ; 9 bits    ; 90 LEs        ; 72 LEs               ; 18 LEs                 ; No         ; |RockPaperScissor|RockPaperScissorCases:Cases_MUT|LED   ;
+--------------------+-----------+---------------+----------------------+------------------------+------------+---------------------------------------------------------+


+----------------------------------------------------------------------------------+
; Parameter Settings for User Entity Instance: Top-level Entity: |RockPaperScissor ;
+----------------+-------+---------------------------------------------------------+
; Parameter Name ; Value ; Type                                                    ;
+----------------+-------+---------------------------------------------------------+
; idle           ; 00    ; Unsigned Binary                                         ;
; pick           ; 01    ; Unsigned Binary                                         ;
; result         ; 10    ; Unsigned Binary                                         ;
; display        ; 11    ; Unsigned Binary                                         ;
+----------------+-------+---------------------------------------------------------+
Note: In order to hide this table in the UI and the text report file, please set the "Show Parameter Settings in Synthesis Report" option in "Analysis and Synthesis Settings -> More Settings" to "Off".


+----------------------------------------------------------------------+
; Parameter Settings for User Entity Instance: ClockDivider100:CLK_MUT ;
+----------------+--------+--------------------------------------------+
; Parameter Name ; Value  ; Type                                       ;
+----------------+--------+--------------------------------------------+
; dnew           ; 500000 ; Signed Integer                             ;
+----------------+--------+--------------------------------------------+
Note: In order to hide this table in the UI and the text report file, please set the "Show Parameter Settings in Synthesis Report" option in "Analysis and Synthesis Settings -> More Settings" to "Off".


+-----------------------------------------------------+
; Post-Synthesis Netlist Statistics for Top Partition ;
+-----------------------+-----------------------------+
; Type                  ; Count                       ;
+-----------------------+-----------------------------+
; boundary_port         ; 129                         ;
; cycloneiii_ff         ; 115                         ;
;     ENA               ; 35                          ;
;     ENA SCLR          ; 19                          ;
;     ENA SCLR SLD      ; 11                          ;
;     ENA SLD           ; 8                           ;
;     SCLR              ; 28                          ;
;     SLD               ; 2                           ;
;     plain             ; 12                          ;
; cycloneiii_io_obuf    ; 33                          ;
; cycloneiii_lcell_comb ; 334                         ;
;     arith             ; 49                          ;
;         2 data inputs ; 49                          ;
;     normal            ; 285                         ;
;         0 data inputs ; 2                           ;
;         1 data inputs ; 43                          ;
;         2 data inputs ; 28                          ;
;         3 data inputs ; 46                          ;
;         4 data inputs ; 166                         ;
;                       ;                             ;
; Max LUT depth         ; 9.00                        ;
; Average LUT depth     ; 3.34                        ;
+-----------------------+-----------------------------+


+-------------------------------+
; Elapsed Time Per Partition    ;
+----------------+--------------+
; Partition Name ; Elapsed Time ;
+----------------+--------------+
; Top            ; 00:00:03     ;
+----------------+--------------+


+-------------------------------+
; Analysis & Synthesis Messages ;
+-------------------------------+
Info: *******************************************************************
Info: Running Quartus Prime Analysis & Synthesis
    Info: Version 20.1.1 Build 720 11/11/2020 SJ Lite Edition
    Info: Processing started: Sun Dec 11 20:50:03 2022
Info: Command: quartus_map --read_settings_files=on --write_settings_files=off RockPaperScissor -c RockPaperScissor
Warning (18236): Number of processors has not been specified which may cause overloading on shared machines.  Set the global assignment NUM_PARALLEL_PROCESSORS in your QSF to an appropriate value for best performance.
Info (20030): Parallel compilation is enabled and will use 8 of the 8 processors detected
Info (12021): Found 1 design units, including 1 entities, in source file rockpaperscissorcases.v
    Info (12023): Found entity 1: RockPaperScissorCases File: C:/Users/dsica/OneDrive/Escritorio/Embedded/fpgaProjects/RockPaperScissor/RockPaperScissorCases.v Line: 1
Info (12021): Found 1 design units, including 1 entities, in source file scoreboard.v
    Info (12023): Found entity 1: scoreboard File: C:/Users/dsica/OneDrive/Escritorio/Embedded/fpgaProjects/RockPaperScissor/scoreboard.v Line: 1
Warning (12125): Using design file rockpaperscissor.v, which is not specified as a design file for the current project, but contains definitions for 1 design units and 1 entities in project
    Info (12023): Found entity 1: RockPaperScissor File: C:/Users/dsica/OneDrive/Escritorio/Embedded/fpgaProjects/RockPaperScissor/rockpaperscissor.v Line: 6
Info (12127): Elaborating entity "RockPaperScissor" for the top level hierarchy
Warning (10230): Verilog HDL assignment warning at rockpaperscissor.v(99): truncated value with size 32 to match size of target (8) File: C:/Users/dsica/OneDrive/Escritorio/Embedded/fpgaProjects/RockPaperScissor/rockpaperscissor.v Line: 99
Warning (10230): Verilog HDL assignment warning at rockpaperscissor.v(150): truncated value with size 32 to match size of target (4) File: C:/Users/dsica/OneDrive/Escritorio/Embedded/fpgaProjects/RockPaperScissor/rockpaperscissor.v Line: 150
Warning (10230): Verilog HDL assignment warning at rockpaperscissor.v(155): truncated value with size 32 to match size of target (4) File: C:/Users/dsica/OneDrive/Escritorio/Embedded/fpgaProjects/RockPaperScissor/rockpaperscissor.v Line: 155
Warning (10230): Verilog HDL assignment warning at rockpaperscissor.v(160): truncated value with size 32 to match size of target (4) File: C:/Users/dsica/OneDrive/Escritorio/Embedded/fpgaProjects/RockPaperScissor/rockpaperscissor.v Line: 160
Warning (10230): Verilog HDL assignment warning at rockpaperscissor.v(165): truncated value with size 32 to match size of target (4) File: C:/Users/dsica/OneDrive/Escritorio/Embedded/fpgaProjects/RockPaperScissor/rockpaperscissor.v Line: 165
Warning (10230): Verilog HDL assignment warning at rockpaperscissor.v(170): truncated value with size 32 to match size of target (4) File: C:/Users/dsica/OneDrive/Escritorio/Embedded/fpgaProjects/RockPaperScissor/rockpaperscissor.v Line: 170
Warning (10230): Verilog HDL assignment warning at rockpaperscissor.v(179): truncated value with size 32 to match size of target (4) File: C:/Users/dsica/OneDrive/Escritorio/Embedded/fpgaProjects/RockPaperScissor/rockpaperscissor.v Line: 179
Warning (10230): Verilog HDL assignment warning at rockpaperscissor.v(184): truncated value with size 32 to match size of target (4) File: C:/Users/dsica/OneDrive/Escritorio/Embedded/fpgaProjects/RockPaperScissor/rockpaperscissor.v Line: 184
Warning (10230): Verilog HDL assignment warning at rockpaperscissor.v(189): truncated value with size 32 to match size of target (4) File: C:/Users/dsica/OneDrive/Escritorio/Embedded/fpgaProjects/RockPaperScissor/rockpaperscissor.v Line: 189
Warning (10230): Verilog HDL assignment warning at rockpaperscissor.v(194): truncated value with size 32 to match size of target (4) File: C:/Users/dsica/OneDrive/Escritorio/Embedded/fpgaProjects/RockPaperScissor/rockpaperscissor.v Line: 194
Warning (10230): Verilog HDL assignment warning at rockpaperscissor.v(199): truncated value with size 32 to match size of target (4) File: C:/Users/dsica/OneDrive/Escritorio/Embedded/fpgaProjects/RockPaperScissor/rockpaperscissor.v Line: 199
Warning (10230): Verilog HDL assignment warning at rockpaperscissor.v(208): truncated value with size 32 to match size of target (4) File: C:/Users/dsica/OneDrive/Escritorio/Embedded/fpgaProjects/RockPaperScissor/rockpaperscissor.v Line: 208
Warning (10230): Verilog HDL assignment warning at rockpaperscissor.v(213): truncated value with size 32 to match size of target (4) File: C:/Users/dsica/OneDrive/Escritorio/Embedded/fpgaProjects/RockPaperScissor/rockpaperscissor.v Line: 213
Warning (10230): Verilog HDL assignment warning at rockpaperscissor.v(218): truncated value with size 32 to match size of target (4) File: C:/Users/dsica/OneDrive/Escritorio/Embedded/fpgaProjects/RockPaperScissor/rockpaperscissor.v Line: 218
Warning (10230): Verilog HDL assignment warning at rockpaperscissor.v(223): truncated value with size 32 to match size of target (4) File: C:/Users/dsica/OneDrive/Escritorio/Embedded/fpgaProjects/RockPaperScissor/rockpaperscissor.v Line: 223
Warning (10230): Verilog HDL assignment warning at rockpaperscissor.v(228): truncated value with size 32 to match size of target (4) File: C:/Users/dsica/OneDrive/Escritorio/Embedded/fpgaProjects/RockPaperScissor/rockpaperscissor.v Line: 228
Warning (10230): Verilog HDL assignment warning at rockpaperscissor.v(237): truncated value with size 32 to match size of target (4) File: C:/Users/dsica/OneDrive/Escritorio/Embedded/fpgaProjects/RockPaperScissor/rockpaperscissor.v Line: 237
Warning (10230): Verilog HDL assignment warning at rockpaperscissor.v(242): truncated value with size 32 to match size of target (4) File: C:/Users/dsica/OneDrive/Escritorio/Embedded/fpgaProjects/RockPaperScissor/rockpaperscissor.v Line: 242
Warning (10230): Verilog HDL assignment warning at rockpaperscissor.v(247): truncated value with size 32 to match size of target (4) File: C:/Users/dsica/OneDrive/Escritorio/Embedded/fpgaProjects/RockPaperScissor/rockpaperscissor.v Line: 247
Warning (10230): Verilog HDL assignment warning at rockpaperscissor.v(252): truncated value with size 32 to match size of target (4) File: C:/Users/dsica/OneDrive/Escritorio/Embedded/fpgaProjects/RockPaperScissor/rockpaperscissor.v Line: 252
Warning (10230): Verilog HDL assignment warning at rockpaperscissor.v(257): truncated value with size 32 to match size of target (4) File: C:/Users/dsica/OneDrive/Escritorio/Embedded/fpgaProjects/RockPaperScissor/rockpaperscissor.v Line: 257
Warning (10230): Verilog HDL assignment warning at rockpaperscissor.v(273): truncated value with size 32 to match size of target (9) File: C:/Users/dsica/OneDrive/Escritorio/Embedded/fpgaProjects/RockPaperScissor/rockpaperscissor.v Line: 273
Warning (10230): Verilog HDL assignment warning at rockpaperscissor.v(283): truncated value with size 32 to match size of target (8) File: C:/Users/dsica/OneDrive/Escritorio/Embedded/fpgaProjects/RockPaperScissor/rockpaperscissor.v Line: 283
Warning (10034): Output port "DRAM_ADDR" at rockpaperscissor.v(14) has no driver File: C:/Users/dsica/OneDrive/Escritorio/Embedded/fpgaProjects/RockPaperScissor/rockpaperscissor.v Line: 14
Warning (10034): Output port "DRAM_BA" at rockpaperscissor.v(15) has no driver File: C:/Users/dsica/OneDrive/Escritorio/Embedded/fpgaProjects/RockPaperScissor/rockpaperscissor.v Line: 15
Warning (10034): Output port "DRAM_CAS_N" at rockpaperscissor.v(16) has no driver File: C:/Users/dsica/OneDrive/Escritorio/Embedded/fpgaProjects/RockPaperScissor/rockpaperscissor.v Line: 16
Warning (10034): Output port "DRAM_CKE" at rockpaperscissor.v(17) has no driver File: C:/Users/dsica/OneDrive/Escritorio/Embedded/fpgaProjects/RockPaperScissor/rockpaperscissor.v Line: 17
Warning (10034): Output port "DRAM_CLK" at rockpaperscissor.v(18) has no driver File: C:/Users/dsica/OneDrive/Escritorio/Embedded/fpgaProjects/RockPaperScissor/rockpaperscissor.v Line: 18
Warning (10034): Output port "DRAM_CS_N" at rockpaperscissor.v(19) has no driver File: C:/Users/dsica/OneDrive/Escritorio/Embedded/fpgaProjects/RockPaperScissor/rockpaperscissor.v Line: 19
Warning (10034): Output port "DRAM_LDQM" at rockpaperscissor.v(21) has no driver File: C:/Users/dsica/OneDrive/Escritorio/Embedded/fpgaProjects/RockPaperScissor/rockpaperscissor.v Line: 21
Warning (10034): Output port "DRAM_RAS_N" at rockpaperscissor.v(22) has no driver File: C:/Users/dsica/OneDrive/Escritorio/Embedded/fpgaProjects/RockPaperScissor/rockpaperscissor.v Line: 22
Warning (10034): Output port "DRAM_UDQM" at rockpaperscissor.v(23) has no driver File: C:/Users/dsica/OneDrive/Escritorio/Embedded/fpgaProjects/RockPaperScissor/rockpaperscissor.v Line: 23
Warning (10034): Output port "DRAM_WE_N" at rockpaperscissor.v(24) has no driver File: C:/Users/dsica/OneDrive/Escritorio/Embedded/fpgaProjects/RockPaperScissor/rockpaperscissor.v Line: 24
Warning (12125): Using design file clockdivider100.v, which is not specified as a design file for the current project, but contains definitions for 1 design units and 1 entities in project
    Info (12023): Found entity 1: ClockDivider100 File: C:/Users/dsica/OneDrive/Escritorio/Embedded/fpgaProjects/RockPaperScissor/clockdivider100.v Line: 1
Info (12128): Elaborating entity "ClockDivider100" for hierarchy "ClockDivider100:CLK_MUT" File: C:/Users/dsica/OneDrive/Escritorio/Embedded/fpgaProjects/RockPaperScissor/rockpaperscissor.v Line: 292
Info (12128): Elaborating entity "RockPaperScissorCases" for hierarchy "RockPaperScissorCases:Cases_MUT" File: C:/Users/dsica/OneDrive/Escritorio/Embedded/fpgaProjects/RockPaperScissor/rockpaperscissor.v Line: 294
Warning (13039): The following bidirectional pins have no drivers
    Warning (13040): bidirectional pin "DRAM_DQ[0]" has no driver File: C:/Users/dsica/OneDrive/Escritorio/Embedded/fpgaProjects/RockPaperScissor/rockpaperscissor.v Line: 20
    Warning (13040): bidirectional pin "DRAM_DQ[1]" has no driver File: C:/Users/dsica/OneDrive/Escritorio/Embedded/fpgaProjects/RockPaperScissor/rockpaperscissor.v Line: 20
    Warning (13040): bidirectional pin "DRAM_DQ[2]" has no driver File: C:/Users/dsica/OneDrive/Escritorio/Embedded/fpgaProjects/RockPaperScissor/rockpaperscissor.v Line: 20
    Warning (13040): bidirectional pin "DRAM_DQ[3]" has no driver File: C:/Users/dsica/OneDrive/Escritorio/Embedded/fpgaProjects/RockPaperScissor/rockpaperscissor.v Line: 20
    Warning (13040): bidirectional pin "DRAM_DQ[4]" has no driver File: C:/Users/dsica/OneDrive/Escritorio/Embedded/fpgaProjects/RockPaperScissor/rockpaperscissor.v Line: 20
    Warning (13040): bidirectional pin "DRAM_DQ[5]" has no driver File: C:/Users/dsica/OneDrive/Escritorio/Embedded/fpgaProjects/RockPaperScissor/rockpaperscissor.v Line: 20
    Warning (13040): bidirectional pin "DRAM_DQ[6]" has no driver File: C:/Users/dsica/OneDrive/Escritorio/Embedded/fpgaProjects/RockPaperScissor/rockpaperscissor.v Line: 20
    Warning (13040): bidirectional pin "DRAM_DQ[7]" has no driver File: C:/Users/dsica/OneDrive/Escritorio/Embedded/fpgaProjects/RockPaperScissor/rockpaperscissor.v Line: 20
    Warning (13040): bidirectional pin "DRAM_DQ[8]" has no driver File: C:/Users/dsica/OneDrive/Escritorio/Embedded/fpgaProjects/RockPaperScissor/rockpaperscissor.v Line: 20
    Warning (13040): bidirectional pin "DRAM_DQ[9]" has no driver File: C:/Users/dsica/OneDrive/Escritorio/Embedded/fpgaProjects/RockPaperScissor/rockpaperscissor.v Line: 20
    Warning (13040): bidirectional pin "DRAM_DQ[10]" has no driver File: C:/Users/dsica/OneDrive/Escritorio/Embedded/fpgaProjects/RockPaperScissor/rockpaperscissor.v Line: 20
    Warning (13040): bidirectional pin "DRAM_DQ[11]" has no driver File: C:/Users/dsica/OneDrive/Escritorio/Embedded/fpgaProjects/RockPaperScissor/rockpaperscissor.v Line: 20
    Warning (13040): bidirectional pin "DRAM_DQ[12]" has no driver File: C:/Users/dsica/OneDrive/Escritorio/Embedded/fpgaProjects/RockPaperScissor/rockpaperscissor.v Line: 20
    Warning (13040): bidirectional pin "DRAM_DQ[13]" has no driver File: C:/Users/dsica/OneDrive/Escritorio/Embedded/fpgaProjects/RockPaperScissor/rockpaperscissor.v Line: 20
    Warning (13040): bidirectional pin "DRAM_DQ[14]" has no driver File: C:/Users/dsica/OneDrive/Escritorio/Embedded/fpgaProjects/RockPaperScissor/rockpaperscissor.v Line: 20
    Warning (13040): bidirectional pin "DRAM_DQ[15]" has no driver File: C:/Users/dsica/OneDrive/Escritorio/Embedded/fpgaProjects/RockPaperScissor/rockpaperscissor.v Line: 20
    Warning (13040): bidirectional pin "ARDUINO_IO[0]" has no driver File: C:/Users/dsica/OneDrive/Escritorio/Embedded/fpgaProjects/RockPaperScissor/rockpaperscissor.v Line: 44
    Warning (13040): bidirectional pin "ARDUINO_IO[1]" has no driver File: C:/Users/dsica/OneDrive/Escritorio/Embedded/fpgaProjects/RockPaperScissor/rockpaperscissor.v Line: 44
    Warning (13040): bidirectional pin "ARDUINO_IO[2]" has no driver File: C:/Users/dsica/OneDrive/Escritorio/Embedded/fpgaProjects/RockPaperScissor/rockpaperscissor.v Line: 44
    Warning (13040): bidirectional pin "ARDUINO_IO[3]" has no driver File: C:/Users/dsica/OneDrive/Escritorio/Embedded/fpgaProjects/RockPaperScissor/rockpaperscissor.v Line: 44
    Warning (13040): bidirectional pin "ARDUINO_IO[4]" has no driver File: C:/Users/dsica/OneDrive/Escritorio/Embedded/fpgaProjects/RockPaperScissor/rockpaperscissor.v Line: 44
    Warning (13040): bidirectional pin "ARDUINO_IO[5]" has no driver File: C:/Users/dsica/OneDrive/Escritorio/Embedded/fpgaProjects/RockPaperScissor/rockpaperscissor.v Line: 44
    Warning (13040): bidirectional pin "ARDUINO_IO[6]" has no driver File: C:/Users/dsica/OneDrive/Escritorio/Embedded/fpgaProjects/RockPaperScissor/rockpaperscissor.v Line: 44
    Warning (13040): bidirectional pin "ARDUINO_IO[7]" has no driver File: C:/Users/dsica/OneDrive/Escritorio/Embedded/fpgaProjects/RockPaperScissor/rockpaperscissor.v Line: 44
    Warning (13040): bidirectional pin "ARDUINO_IO[8]" has no driver File: C:/Users/dsica/OneDrive/Escritorio/Embedded/fpgaProjects/RockPaperScissor/rockpaperscissor.v Line: 44
    Warning (13040): bidirectional pin "ARDUINO_IO[9]" has no driver File: C:/Users/dsica/OneDrive/Escritorio/Embedded/fpgaProjects/RockPaperScissor/rockpaperscissor.v Line: 44
    Warning (13040): bidirectional pin "ARDUINO_IO[10]" has no driver File: C:/Users/dsica/OneDrive/Escritorio/Embedded/fpgaProjects/RockPaperScissor/rockpaperscissor.v Line: 44
    Warning (13040): bidirectional pin "ARDUINO_IO[11]" has no driver File: C:/Users/dsica/OneDrive/Escritorio/Embedded/fpgaProjects/RockPaperScissor/rockpaperscissor.v Line: 44
    Warning (13040): bidirectional pin "ARDUINO_IO[12]" has no driver File: C:/Users/dsica/OneDrive/Escritorio/Embedded/fpgaProjects/RockPaperScissor/rockpaperscissor.v Line: 44
    Warning (13040): bidirectional pin "ARDUINO_IO[13]" has no driver File: C:/Users/dsica/OneDrive/Escritorio/Embedded/fpgaProjects/RockPaperScissor/rockpaperscissor.v Line: 44
    Warning (13040): bidirectional pin "ARDUINO_IO[14]" has no driver File: C:/Users/dsica/OneDrive/Escritorio/Embedded/fpgaProjects/RockPaperScissor/rockpaperscissor.v Line: 44
    Warning (13040): bidirectional pin "ARDUINO_IO[15]" has no driver File: C:/Users/dsica/OneDrive/Escritorio/Embedded/fpgaProjects/RockPaperScissor/rockpaperscissor.v Line: 44
    Warning (13040): bidirectional pin "ARDUINO_RESET_N" has no driver File: C:/Users/dsica/OneDrive/Escritorio/Embedded/fpgaProjects/RockPaperScissor/rockpaperscissor.v Line: 46
Warning (13024): Output pins are stuck at VCC or GND
    Warning (13410): Pin "DRAM_ADDR[0]" is stuck at GND File: C:/Users/dsica/OneDrive/Escritorio/Embedded/fpgaProjects/RockPaperScissor/rockpaperscissor.v Line: 14
    Warning (13410): Pin "DRAM_ADDR[1]" is stuck at GND File: C:/Users/dsica/OneDrive/Escritorio/Embedded/fpgaProjects/RockPaperScissor/rockpaperscissor.v Line: 14
    Warning (13410): Pin "DRAM_ADDR[2]" is stuck at GND File: C:/Users/dsica/OneDrive/Escritorio/Embedded/fpgaProjects/RockPaperScissor/rockpaperscissor.v Line: 14
    Warning (13410): Pin "DRAM_ADDR[3]" is stuck at GND File: C:/Users/dsica/OneDrive/Escritorio/Embedded/fpgaProjects/RockPaperScissor/rockpaperscissor.v Line: 14
    Warning (13410): Pin "DRAM_ADDR[4]" is stuck at GND File: C:/Users/dsica/OneDrive/Escritorio/Embedded/fpgaProjects/RockPaperScissor/rockpaperscissor.v Line: 14
    Warning (13410): Pin "DRAM_ADDR[5]" is stuck at GND File: C:/Users/dsica/OneDrive/Escritorio/Embedded/fpgaProjects/RockPaperScissor/rockpaperscissor.v Line: 14
    Warning (13410): Pin "DRAM_ADDR[6]" is stuck at GND File: C:/Users/dsica/OneDrive/Escritorio/Embedded/fpgaProjects/RockPaperScissor/rockpaperscissor.v Line: 14
    Warning (13410): Pin "DRAM_ADDR[7]" is stuck at GND File: C:/Users/dsica/OneDrive/Escritorio/Embedded/fpgaProjects/RockPaperScissor/rockpaperscissor.v Line: 14
    Warning (13410): Pin "DRAM_ADDR[8]" is stuck at GND File: C:/Users/dsica/OneDrive/Escritorio/Embedded/fpgaProjects/RockPaperScissor/rockpaperscissor.v Line: 14
    Warning (13410): Pin "DRAM_ADDR[9]" is stuck at GND File: C:/Users/dsica/OneDrive/Escritorio/Embedded/fpgaProjects/RockPaperScissor/rockpaperscissor.v Line: 14
    Warning (13410): Pin "DRAM_ADDR[10]" is stuck at GND File: C:/Users/dsica/OneDrive/Escritorio/Embedded/fpgaProjects/RockPaperScissor/rockpaperscissor.v Line: 14
    Warning (13410): Pin "DRAM_ADDR[11]" is stuck at GND File: C:/Users/dsica/OneDrive/Escritorio/Embedded/fpgaProjects/RockPaperScissor/rockpaperscissor.v Line: 14
    Warning (13410): Pin "DRAM_ADDR[12]" is stuck at GND File: C:/Users/dsica/OneDrive/Escritorio/Embedded/fpgaProjects/RockPaperScissor/rockpaperscissor.v Line: 14
    Warning (13410): Pin "DRAM_BA[0]" is stuck at GND File: C:/Users/dsica/OneDrive/Escritorio/Embedded/fpgaProjects/RockPaperScissor/rockpaperscissor.v Line: 15
    Warning (13410): Pin "DRAM_BA[1]" is stuck at GND File: C:/Users/dsica/OneDrive/Escritorio/Embedded/fpgaProjects/RockPaperScissor/rockpaperscissor.v Line: 15
    Warning (13410): Pin "DRAM_CAS_N" is stuck at GND File: C:/Users/dsica/OneDrive/Escritorio/Embedded/fpgaProjects/RockPaperScissor/rockpaperscissor.v Line: 16
    Warning (13410): Pin "DRAM_CKE" is stuck at GND File: C:/Users/dsica/OneDrive/Escritorio/Embedded/fpgaProjects/RockPaperScissor/rockpaperscissor.v Line: 17
    Warning (13410): Pin "DRAM_CLK" is stuck at GND File: C:/Users/dsica/OneDrive/Escritorio/Embedded/fpgaProjects/RockPaperScissor/rockpaperscissor.v Line: 18
    Warning (13410): Pin "DRAM_CS_N" is stuck at GND File: C:/Users/dsica/OneDrive/Escritorio/Embedded/fpgaProjects/RockPaperScissor/rockpaperscissor.v Line: 19
    Warning (13410): Pin "DRAM_LDQM" is stuck at GND File: C:/Users/dsica/OneDrive/Escritorio/Embedded/fpgaProjects/RockPaperScissor/rockpaperscissor.v Line: 21
    Warning (13410): Pin "DRAM_RAS_N" is stuck at GND File: C:/Users/dsica/OneDrive/Escritorio/Embedded/fpgaProjects/RockPaperScissor/rockpaperscissor.v Line: 22
    Warning (13410): Pin "DRAM_UDQM" is stuck at GND File: C:/Users/dsica/OneDrive/Escritorio/Embedded/fpgaProjects/RockPaperScissor/rockpaperscissor.v Line: 23
    Warning (13410): Pin "DRAM_WE_N" is stuck at GND File: C:/Users/dsica/OneDrive/Escritorio/Embedded/fpgaProjects/RockPaperScissor/rockpaperscissor.v Line: 24
    Warning (13410): Pin "HEX0[7]" is stuck at VCC File: C:/Users/dsica/OneDrive/Escritorio/Embedded/fpgaProjects/RockPaperScissor/rockpaperscissor.v Line: 27
    Warning (13410): Pin "HEX1[7]" is stuck at VCC File: C:/Users/dsica/OneDrive/Escritorio/Embedded/fpgaProjects/RockPaperScissor/rockpaperscissor.v Line: 28
    Warning (13410): Pin "HEX2[7]" is stuck at VCC File: C:/Users/dsica/OneDrive/Escritorio/Embedded/fpgaProjects/RockPaperScissor/rockpaperscissor.v Line: 29
    Warning (13410): Pin "HEX3[7]" is stuck at VCC File: C:/Users/dsica/OneDrive/Escritorio/Embedded/fpgaProjects/RockPaperScissor/rockpaperscissor.v Line: 30
    Warning (13410): Pin "HEX4[7]" is stuck at VCC File: C:/Users/dsica/OneDrive/Escritorio/Embedded/fpgaProjects/RockPaperScissor/rockpaperscissor.v Line: 31
    Warning (13410): Pin "HEX5[1]" is stuck at VCC File: C:/Users/dsica/OneDrive/Escritorio/Embedded/fpgaProjects/RockPaperScissor/rockpaperscissor.v Line: 32
    Warning (13410): Pin "HEX5[7]" is stuck at VCC File: C:/Users/dsica/OneDrive/Escritorio/Embedded/fpgaProjects/RockPaperScissor/rockpaperscissor.v Line: 32
Info (286030): Timing-Driven Synthesis is running
Info (16010): Generating hard_block partition "hard_block:auto_generated_inst"
    Info (16011): Adding 0 node(s), including 0 DDIO, 0 PLL, 0 transceiver and 0 LCELL
Warning (21074): Design contains 7 input pin(s) that do not drive logic
    Warning (15610): No output dependent on input pin "ADC_CLK_10" File: C:/Users/dsica/OneDrive/Escritorio/Embedded/fpgaProjects/RockPaperScissor/rockpaperscissor.v Line: 9
    Warning (15610): No output dependent on input pin "MAX10_CLK2_50" File: C:/Users/dsica/OneDrive/Escritorio/Embedded/fpgaProjects/RockPaperScissor/rockpaperscissor.v Line: 11
    Warning (15610): No output dependent on input pin "KEY[0]" File: C:/Users/dsica/OneDrive/Escritorio/Embedded/fpgaProjects/RockPaperScissor/rockpaperscissor.v Line: 35
    Warning (15610): No output dependent on input pin "SW[6]" File: C:/Users/dsica/OneDrive/Escritorio/Embedded/fpgaProjects/RockPaperScissor/rockpaperscissor.v Line: 41
    Warning (15610): No output dependent on input pin "SW[7]" File: C:/Users/dsica/OneDrive/Escritorio/Embedded/fpgaProjects/RockPaperScissor/rockpaperscissor.v Line: 41
    Warning (15610): No output dependent on input pin "SW[8]" File: C:/Users/dsica/OneDrive/Escritorio/Embedded/fpgaProjects/RockPaperScissor/rockpaperscissor.v Line: 41
    Warning (15610): No output dependent on input pin "SW[9]" File: C:/Users/dsica/OneDrive/Escritorio/Embedded/fpgaProjects/RockPaperScissor/rockpaperscissor.v Line: 41
Info (21057): Implemented 431 device resources after synthesis - the final resource count might be different
    Info (21058): Implemented 15 input pins
    Info (21059): Implemented 81 output pins
    Info (21060): Implemented 33 bidirectional pins
    Info (21061): Implemented 302 logic cells
Info: Quartus Prime Analysis & Synthesis was successful. 0 errors, 109 warnings
    Info: Peak virtual memory: 4804 megabytes
    Info: Processing ended: Sun Dec 11 20:50:27 2022
    Info: Elapsed time: 00:00:24
    Info: Total CPU time (on all processors): 00:00:51


